{"C:\\Users\\julia\\OneDrive\\Documentos\\Devvs\\Full Stack Technical\\backend\\src\\app.controller.ts": {"path":"C:\\Users\\julia\\OneDrive\\Documentos\\Devvs\\Full Stack Technical\\backend\\src\\app.controller.ts","statementMap":{"0":{"start":{"line":1,"column":0},"end":{"line":1,"column":49}},"1":{"start":{"line":2,"column":0},"end":{"line":2,"column":43}},"2":{"start":{"line":5,"column":7},"end":{"line":12,"column":null}},"3":{"start":{"line":6,"column":31},"end":{"line":6,"column":43}},"4":{"start":{"line":10,"column":4},"end":{"line":10,"column":38}},"5":{"start":{"line":5,"column":13},"end":{"line":5,"column":26}},"6":{"start":{"line":9,"column":2},"end":{"line":11,"column":null}},"7":{"start":{"line":5,"column":13},"end":{"line":12,"column":null}}},"fnMap":{"0":{"name":"(anonymous_2)","decl":{"start":{"line":6,"column":2},"end":{"line":6,"column":31}},"loc":{"start":{"line":6,"column":53},"end":{"line":6,"column":57}}},"1":{"name":"(anonymous_3)","decl":{"start":{"line":9,"column":2},"end":{"line":9,"column":10}},"loc":{"start":{"line":9,"column":10},"end":{"line":11,"column":3}}}},"branchMap":{},"s":{"0":1,"1":1,"2":1,"3":1,"4":1,"5":1,"6":1,"7":1},"f":{"0":1,"1":1},"b":{}}
,"C:\\Users\\julia\\OneDrive\\Documentos\\Devvs\\Full Stack Technical\\backend\\src\\app.service.ts": {"path":"C:\\Users\\julia\\OneDrive\\Documentos\\Devvs\\Full Stack Technical\\backend\\src\\app.service.ts","statementMap":{"0":{"start":{"line":1,"column":0},"end":{"line":1,"column":44}},"1":{"start":{"line":4,"column":7},"end":{"line":8,"column":null}},"2":{"start":{"line":6,"column":4},"end":{"line":6,"column":26}},"3":{"start":{"line":4,"column":13},"end":{"line":4,"column":23}},"4":{"start":{"line":4,"column":13},"end":{"line":8,"column":null}}},"fnMap":{"0":{"name":"(anonymous_1)","decl":{"start":{"line":5,"column":2},"end":{"line":5,"column":10}},"loc":{"start":{"line":5,"column":10},"end":{"line":7,"column":3}}}},"branchMap":{},"s":{"0":1,"1":1,"2":1,"3":1,"4":1},"f":{"0":1},"b":{}}
,"C:\\Users\\julia\\OneDrive\\Documentos\\Devvs\\Full Stack Technical\\backend\\src\\main.ts": {"path":"C:\\Users\\julia\\OneDrive\\Documentos\\Devvs\\Full Stack Technical\\backend\\src\\main.ts","statementMap":{"0":{"start":{"line":1,"column":0},"end":{"line":1,"column":43}},"1":{"start":{"line":2,"column":0},"end":{"line":2,"column":56}},"2":{"start":{"line":5,"column":14},"end":{"line":7,"column":4}},"3":{"start":{"line":10,"column":2},"end":{"line":10,"column":19}},"4":{"start":{"line":19,"column":2},"end":{"line":19,"column":25}},"5":{"start":{"line":21,"column":0},"end":{"line":21,"column":12}}},"fnMap":{"0":{"name":"bootstrap","decl":{"start":{"line":4,"column":15},"end":{"line":4,"column":24}},"loc":{"start":{"line":4,"column":24},"end":{"line":20,"column":1}}}},"branchMap":{},"s":{"0":0,"1":0,"2":0,"3":0,"4":0,"5":0},"f":{"0":0},"b":{}}
,"C:\\Users\\julia\\OneDrive\\Documentos\\Devvs\\Full Stack Technical\\backend\\src\\application\\dtos\\create-payment.dto.ts": {"path":"C:\\Users\\julia\\OneDrive\\Documentos\\Devvs\\Full Stack Technical\\backend\\src\\application\\dtos\\create-payment.dto.ts","statementMap":{"0":{"start":{"line":1,"column":0},"end":{"line":1,"column":13}}},"fnMap":{},"branchMap":{},"s":{"0":1},"f":{},"b":{}}
,"C:\\Users\\julia\\OneDrive\\Documentos\\Devvs\\Full Stack Technical\\backend\\src\\application\\dtos\\domain\\gateways\\IWompi.gateway.ts": {"path":"C:\\Users\\julia\\OneDrive\\Documentos\\Devvs\\Full Stack Technical\\backend\\src\\application\\dtos\\domain\\gateways\\IWompi.gateway.ts","statementMap":{"0":{"start":{"line":18,"column":13},"end":{"line":18,"column":53}}},"fnMap":{},"branchMap":{},"s":{"0":0},"f":{},"b":{}}
,"C:\\Users\\julia\\OneDrive\\Documentos\\Devvs\\Full Stack Technical\\backend\\src\\application\\use-cases\\process-payment.usecase.ts": {"path":"C:\\Users\\julia\\OneDrive\\Documentos\\Devvs\\Full Stack Technical\\backend\\src\\application\\use-cases\\process-payment.usecase.ts","statementMap":{"0":{"start":{"line":1,"column":0},"end":{"line":1,"column":52}},"1":{"start":{"line":2,"column":0},"end":{"line":2,"column":91}},"2":{"start":{"line":3,"column":0},"end":{"line":3,"column":83}},"3":{"start":{"line":4,"column":0},"end":{"line":4,"column":91}},"4":{"start":{"line":7,"column":0},"end":{"line":7,"column":36}},"5":{"start":{"line":12,"column":7},"end":{"line":60,"column":null}},"6":{"start":{"line":14,"column":53},"end":{"line":14,"column":92}},"7":{"start":{"line":15,"column":49},"end":{"line":15,"column":80}},"8":{"start":{"line":16,"column":44},"end":{"line":16,"column":71}},"9":{"start":{"line":20,"column":20},"end":{"line":20,"column":66}},"10":{"start":{"line":21,"column":4},"end":{"line":21,"column":85}},"11":{"start":{"line":21,"column":18},"end":{"line":21,"column":85}},"12":{"start":{"line":22,"column":4},"end":{"line":22,"column":98}},"13":{"start":{"line":22,"column":30},"end":{"line":22,"column":98}},"14":{"start":{"line":24,"column":22},"end":{"line":24,"column":30}},"15":{"start":{"line":25,"column":24},"end":{"line":31,"column":6}},"16":{"start":{"line":34,"column":4},"end":{"line":49,"column":5}},"17":{"start":{"line":35,"column":6},"end":{"line":45,"column":9}},"18":{"start":{"line":47,"column":6},"end":{"line":47,"column":74}},"19":{"start":{"line":48,"column":6},"end":{"line":48,"column":78}},"20":{"start":{"line":51,"column":43},"end":{"line":51,"column":104}},"21":{"start":{"line":52,"column":31},"end":{"line":52,"column":99}},"22":{"start":{"line":54,"column":4},"end":{"line":56,"column":5}},"23":{"start":{"line":55,"column":6},"end":{"line":55,"column":58}},"24":{"start":{"line":58,"column":4},"end":{"line":58,"column":58}},"25":{"start":{"line":12,"column":13},"end":{"line":12,"column":34}},"26":{"start":{"line":12,"column":13},"end":{"line":60,"column":null}}},"fnMap":{"0":{"name":"(anonymous_4)","decl":{"start":{"line":13,"column":2},"end":{"line":13,"column":null}},"loc":{"start":{"line":16,"column":71},"end":{"line":17,"column":6}}},"1":{"name":"(anonymous_5)","decl":{"start":{"line":19,"column":2},"end":{"line":19,"column":7}},"loc":{"start":{"line":19,"column":37},"end":{"line":59,"column":3}}}},"branchMap":{"0":{"loc":{"start":{"line":21,"column":4},"end":{"line":21,"column":85}},"type":"if","locations":[{"start":{"line":21,"column":4},"end":{"line":21,"column":85}}]},"1":{"loc":{"start":{"line":22,"column":4},"end":{"line":22,"column":98}},"type":"if","locations":[{"start":{"line":22,"column":4},"end":{"line":22,"column":98}}]},"2":{"loc":{"start":{"line":51,"column":43},"end":{"line":51,"column":104}},"type":"cond-expr","locations":[{"start":{"line":51,"column":81},"end":{"line":51,"column":91}},{"start":{"line":51,"column":94},"end":{"line":51,"column":104}}]},"3":{"loc":{"start":{"line":54,"column":4},"end":{"line":56,"column":5}},"type":"if","locations":[{"start":{"line":54,"column":4},"end":{"line":56,"column":5}}]}},"s":{"0":2,"1":2,"2":2,"3":2,"4":2,"5":2,"6":7,"7":7,"8":7,"9":7,"10":7,"11":1,"12":6,"13":1,"14":5,"15":5,"16":5,"17":5,"18":1,"19":1,"20":4,"21":4,"22":4,"23":3,"24":4,"25":2,"26":2},"f":{"0":7,"1":7},"b":{"0":[1],"1":[1],"2":[3,1],"3":[3]}}
,"C:\\Users\\julia\\OneDrive\\Documentos\\Devvs\\Full Stack Technical\\backend\\src\\common\\decorators\\public.decorator.ts": {"path":"C:\\Users\\julia\\OneDrive\\Documentos\\Devvs\\Full Stack Technical\\backend\\src\\common\\decorators\\public.decorator.ts","statementMap":{"0":{"start":{"line":2,"column":0},"end":{"line":2,"column":45}},"1":{"start":{"line":4,"column":13},"end":{"line":4,"column":40}},"2":{"start":{"line":5,"column":22},"end":{"line":5,"column":60}},"3":{"start":{"line":5,"column":28},"end":{"line":5,"column":60}},"4":{"start":{"line":5,"column":13},"end":{"line":5,"column":22}}},"fnMap":{"0":{"name":"(anonymous_0)","decl":{"start":{"line":5,"column":22},"end":{"line":5,"column":25}},"loc":{"start":{"line":5,"column":28},"end":{"line":5,"column":60}}}},"branchMap":{},"s":{"0":0,"1":0,"2":0,"3":0,"4":0},"f":{"0":0},"b":{}}
,"C:\\Users\\julia\\OneDrive\\Documentos\\Devvs\\Full Stack Technical\\backend\\src\\domain\\entities\\transaction.entity.ts": {"path":"C:\\Users\\julia\\OneDrive\\Documentos\\Devvs\\Full Stack Technical\\backend\\src\\domain\\entities\\transaction.entity.ts","statementMap":{"0":{"start":{"line":5,"column":0},"end":{"line":5,"column":13}}},"fnMap":{},"branchMap":{},"s":{"0":1},"f":{},"b":{}}
,"C:\\Users\\julia\\OneDrive\\Documentos\\Devvs\\Full Stack Technical\\backend\\src\\domain\\entities\\domain\\entities\\product.entity.ts": {"path":"C:\\Users\\julia\\OneDrive\\Documentos\\Devvs\\Full Stack Technical\\backend\\src\\domain\\entities\\domain\\entities\\product.entity.ts","statementMap":{"0":{"start":{"line":15,"column":4},"end":{"line":15,"column":34}},"1":{"start":{"line":24,"column":4},"end":{"line":27,"column":5}},"2":{"start":{"line":26,"column":6},"end":{"line":26,"column":71}},"3":{"start":{"line":28,"column":4},"end":{"line":28,"column":27}},"4":{"start":{"line":1,"column":0},"end":{"line":1,"column":13}}},"fnMap":{"0":{"name":"(anonymous_0)","decl":{"start":{"line":14,"column":9},"end":{"line":14,"column":17}},"loc":{"start":{"line":14,"column":34},"end":{"line":16,"column":3}}},"1":{"name":"(anonymous_1)","decl":{"start":{"line":23,"column":9},"end":{"line":23,"column":22}},"loc":{"start":{"line":23,"column":39},"end":{"line":29,"column":3}}}},"branchMap":{"0":{"loc":{"start":{"line":24,"column":4},"end":{"line":27,"column":5}},"type":"if","locations":[{"start":{"line":24,"column":4},"end":{"line":27,"column":5}}]}},"s":{"0":23,"1":12,"2":6,"3":6,"4":2},"f":{"0":23,"1":12},"b":{"0":[6]}}
,"C:\\Users\\julia\\OneDrive\\Documentos\\Devvs\\Full Stack Technical\\backend\\src\\domain\\entities\\domain\\entities\\transaction.entity.ts": {"path":"C:\\Users\\julia\\OneDrive\\Documentos\\Devvs\\Full Stack Technical\\backend\\src\\domain\\entities\\domain\\entities\\transaction.entity.ts","statementMap":{"0":{"start":{"line":5,"column":0},"end":{"line":5,"column":13}}},"fnMap":{},"branchMap":{},"s":{"0":0},"f":{},"b":{}}
,"C:\\Users\\julia\\OneDrive\\Documentos\\Devvs\\Full Stack Technical\\backend\\src\\domain\\gateways\\IWompi.gateway.ts": {"path":"C:\\Users\\julia\\OneDrive\\Documentos\\Devvs\\Full Stack Technical\\backend\\src\\domain\\gateways\\IWompi.gateway.ts","statementMap":{"0":{"start":{"line":19,"column":13},"end":{"line":19,"column":53}}},"fnMap":{},"branchMap":{},"s":{"0":2},"f":{},"b":{}}
,"C:\\Users\\julia\\OneDrive\\Documentos\\Devvs\\Full Stack Technical\\backend\\src\\domain\\repositories\\IProduct.repository.ts": {"path":"C:\\Users\\julia\\OneDrive\\Documentos\\Devvs\\Full Stack Technical\\backend\\src\\domain\\repositories\\IProduct.repository.ts","statementMap":{"0":{"start":{"line":3,"column":13},"end":{"line":3,"column":63}}},"fnMap":{},"branchMap":{},"s":{"0":2},"f":{},"b":{}}
,"C:\\Users\\julia\\OneDrive\\Documentos\\Devvs\\Full Stack Technical\\backend\\src\\domain\\repositories\\ITransaction.repository.ts": {"path":"C:\\Users\\julia\\OneDrive\\Documentos\\Devvs\\Full Stack Technical\\backend\\src\\domain\\repositories\\ITransaction.repository.ts","statementMap":{"0":{"start":{"line":3,"column":13},"end":{"line":3,"column":71}}},"fnMap":{},"branchMap":{},"s":{"0":2},"f":{},"b":{}}
,"C:\\Users\\julia\\OneDrive\\Documentos\\Devvs\\Full Stack Technical\\backend\\src\\domain\\repositories\\infrastructure\\persistence\\postgres\\entities\\transaction.orm-entity.ts": {"path":"C:\\Users\\julia\\OneDrive\\Documentos\\Devvs\\Full Stack Technical\\backend\\src\\domain\\repositories\\infrastructure\\persistence\\postgres\\entities\\transaction.orm-entity.ts","statementMap":{"0":{"start":{"line":1,"column":0},"end":{"line":1,"column":83}},"1":{"start":{"line":4,"column":7},"end":{"line":25,"column":null}},"2":{"start":{"line":4,"column":13},"end":{"line":4,"column":33}},"3":{"start":{"line":6,"column":2},"end":{"line":6,"column":null}},"4":{"start":{"line":9,"column":2},"end":{"line":9,"column":null}},"5":{"start":{"line":12,"column":2},"end":{"line":12,"column":null}},"6":{"start":{"line":15,"column":2},"end":{"line":15,"column":null}},"7":{"start":{"line":18,"column":2},"end":{"line":18,"column":null}},"8":{"start":{"line":21,"column":2},"end":{"line":21,"column":null}},"9":{"start":{"line":24,"column":2},"end":{"line":24,"column":null}},"10":{"start":{"line":4,"column":13},"end":{"line":25,"column":null}}},"fnMap":{},"branchMap":{},"s":{"0":0,"1":0,"2":0,"3":0,"4":0,"5":0,"6":0,"7":0,"8":0,"9":0,"10":0},"f":{},"b":{}}
,"C:\\Users\\julia\\OneDrive\\Documentos\\Devvs\\Full Stack Technical\\backend\\src\\infrastructure\\app.module.ts": {"path":"C:\\Users\\julia\\OneDrive\\Documentos\\Devvs\\Full Stack Technical\\backend\\src\\infrastructure\\app.module.ts","statementMap":{"0":{"start":{"line":1,"column":0},"end":{"line":1,"column":40}},"1":{"start":{"line":2,"column":0},"end":{"line":2,"column":46}},"2":{"start":{"line":3,"column":0},"end":{"line":3,"column":48}},"3":{"start":{"line":4,"column":0},"end":{"line":4,"column":57}},"4":{"start":{"line":5,"column":0},"end":{"line":5,"column":57}},"5":{"start":{"line":28,"column":7},"end":{"line":28,"column":null}},"6":{"start":{"line":28,"column":13},"end":{"line":28,"column":22}},"7":{"start":{"line":28,"column":13},"end":{"line":28,"column":null}}},"fnMap":{},"branchMap":{"0":{"loc":{"start":{"line":15,"column":21},"end":{"line":15,"column":50}},"type":"binary-expr","locations":[{"start":{"line":15,"column":21},"end":{"line":15,"column":40}},{"start":{"line":15,"column":44},"end":{"line":15,"column":50}}]}},"s":{"0":0,"1":0,"2":0,"3":0,"4":0,"5":0,"6":0,"7":0},"f":{},"b":{"0":[0,0]}}
,"C:\\Users\\julia\\OneDrive\\Documentos\\Devvs\\Full Stack Technical\\backend\\src\\infrastructure\\common\\seeding\\seed.service.ts": {"path":"C:\\Users\\julia\\OneDrive\\Documentos\\Devvs\\Full Stack Technical\\backend\\src\\infrastructure\\common\\seeding\\seed.service.ts","statementMap":{"0":{"start":{"line":1,"column":0},"end":{"line":1,"column":74}},"1":{"start":{"line":2,"column":0},"end":{"line":2,"column":86}},"2":{"start":{"line":6,"column":24},"end":{"line":48,"column":null}},"3":{"start":{"line":7,"column":28},"end":{"line":7,"column":56}},"4":{"start":{"line":11,"column":21},"end":{"line":11,"column":52}},"5":{"start":{"line":15,"column":4},"end":{"line":15,"column":30}},"6":{"start":{"line":19,"column":21},"end":{"line":19,"column":53}},"7":{"start":{"line":20,"column":4},"end":{"line":23,"column":5}},"8":{"start":{"line":21,"column":6},"end":{"line":21,"column":74}},"9":{"start":{"line":22,"column":6},"end":{"line":22,"column":13}},"10":{"start":{"line":25,"column":4},"end":{"line":25,"column":43}},"11":{"start":{"line":26,"column":49},"end":{"line":41,"column":6}},"12":{"start":{"line":43,"column":4},"end":{"line":45,"column":5}},"13":{"start":{"line":44,"column":6},"end":{"line":44,"column":43}},"14":{"start":{"line":46,"column":4},"end":{"line":46,"column":42}},"15":{"start":{"line":6,"column":13},"end":{"line":6,"column":24}},"16":{"start":{"line":6,"column":13},"end":{"line":48,"column":null}}},"fnMap":{"0":{"name":"(anonymous_4)","decl":{"start":{"line":9,"column":2},"end":{"line":9,"column":null}},"loc":{"start":{"line":11,"column":52},"end":{"line":12,"column":6}}},"1":{"name":"(anonymous_5)","decl":{"start":{"line":14,"column":2},"end":{"line":14,"column":7}},"loc":{"start":{"line":14,"column":20},"end":{"line":16,"column":3}}},"2":{"name":"(anonymous_6)","decl":{"start":{"line":18,"column":10},"end":{"line":18,"column":15}},"loc":{"start":{"line":18,"column":28},"end":{"line":47,"column":3}}}},"branchMap":{"0":{"loc":{"start":{"line":20,"column":4},"end":{"line":23,"column":5}},"type":"if","locations":[{"start":{"line":20,"column":4},"end":{"line":23,"column":5}}]}},"s":{"0":0,"1":0,"2":0,"3":0,"4":0,"5":0,"6":0,"7":0,"8":0,"9":0,"10":0,"11":0,"12":0,"13":0,"14":0,"15":0,"16":0},"f":{"0":0,"1":0,"2":0},"b":{"0":[0]}}
,"C:\\Users\\julia\\OneDrive\\Documentos\\Devvs\\Full Stack Technical\\backend\\src\\infrastructure\\controllers\\payment.controller.ts": {"path":"C:\\Users\\julia\\OneDrive\\Documentos\\Devvs\\Full Stack Technical\\backend\\src\\infrastructure\\controllers\\payment.controller.ts","statementMap":{"0":{"start":{"line":1,"column":0},"end":{"line":1,"column":83}},"1":{"start":{"line":2,"column":0},"end":{"line":2,"column":92}},"2":{"start":{"line":3,"column":0},"end":{"line":3,"column":77}},"3":{"start":{"line":6,"column":7},"end":{"line":19,"column":null}},"4":{"start":{"line":7,"column":31},"end":{"line":7,"column":54}},"5":{"start":{"line":11,"column":19},"end":{"line":11,"column":77}},"6":{"start":{"line":13,"column":4},"end":{"line":17,"column":5}},"7":{"start":{"line":14,"column":6},"end":{"line":14,"column":26}},"8":{"start":{"line":16,"column":6},"end":{"line":16,"column":76}},"9":{"start":{"line":6,"column":13},"end":{"line":6,"column":30}},"10":{"start":{"line":10,"column":8},"end":{"line":18,"column":null}},"11":{"start":{"line":6,"column":13},"end":{"line":19,"column":null}}},"fnMap":{"0":{"name":"(anonymous_4)","decl":{"start":{"line":7,"column":2},"end":{"line":7,"column":31}},"loc":{"start":{"line":7,"column":75},"end":{"line":7,"column":79}}},"1":{"name":"(anonymous_5)","decl":{"start":{"line":10,"column":2},"end":{"line":10,"column":7}},"loc":{"start":{"line":10,"column":57},"end":{"line":18,"column":3}}}},"branchMap":{"0":{"loc":{"start":{"line":13,"column":4},"end":{"line":17,"column":5}},"type":"if","locations":[{"start":{"line":13,"column":4},"end":{"line":17,"column":5}},{"start":{"line":15,"column":11},"end":{"line":17,"column":5}}]}},"s":{"0":1,"1":1,"2":1,"3":1,"4":13,"5":17,"6":17,"7":9,"8":8,"9":1,"10":1,"11":1},"f":{"0":13,"1":17},"b":{"0":[9,8]}}
,"C:\\Users\\julia\\OneDrive\\Documentos\\Devvs\\Full Stack Technical\\backend\\src\\infrastructure\\controllers\\product.controller.ts": {"path":"C:\\Users\\julia\\OneDrive\\Documentos\\Devvs\\Full Stack Technical\\backend\\src\\infrastructure\\controllers\\product.controller.ts","statementMap":{"0":{"start":{"line":1,"column":0},"end":{"line":1,"column":57}},"1":{"start":{"line":2,"column":0},"end":{"line":2,"column":83}},"2":{"start":{"line":5,"column":7},"end":{"line":15,"column":null}},"3":{"start":{"line":8,"column":21},"end":{"line":8,"column":52}},"4":{"start":{"line":13,"column":4},"end":{"line":13,"column":38}},"5":{"start":{"line":5,"column":13},"end":{"line":5,"column":30}},"6":{"start":{"line":12,"column":8},"end":{"line":14,"column":null}},"7":{"start":{"line":5,"column":13},"end":{"line":15,"column":null}}},"fnMap":{"0":{"name":"(anonymous_4)","decl":{"start":{"line":6,"column":2},"end":{"line":6,"column":null}},"loc":{"start":{"line":8,"column":52},"end":{"line":9,"column":6}}},"1":{"name":"(anonymous_5)","decl":{"start":{"line":12,"column":2},"end":{"line":12,"column":7}},"loc":{"start":{"line":12,"column":15},"end":{"line":14,"column":3}}}},"branchMap":{},"s":{"0":0,"1":0,"2":0,"3":0,"4":0,"5":0,"6":0,"7":0},"f":{"0":0,"1":0},"b":{}}
,"C:\\Users\\julia\\OneDrive\\Documentos\\Devvs\\Full Stack Technical\\backend\\src\\infrastructure\\controllers\\web-hook.controller.ts": {"path":"C:\\Users\\julia\\OneDrive\\Documentos\\Devvs\\Full Stack Technical\\backend\\src\\infrastructure\\controllers\\web-hook.controller.ts","statementMap":{"0":{"start":{"line":1,"column":0},"end":{"line":1,"column":null}},"1":{"start":{"line":13,"column":0},"end":{"line":13,"column":47}},"2":{"start":{"line":14,"column":0},"end":{"line":14,"column":33}},"3":{"start":{"line":16,"column":0},"end":{"line":16,"column":91}},"4":{"start":{"line":17,"column":0},"end":{"line":17,"column":83}},"5":{"start":{"line":19,"column":0},"end":{"line":19,"column":40}},"6":{"start":{"line":44,"column":35},"end":{"line":164,"column":null}},"7":{"start":{"line":45,"column":28},"end":{"line":45,"column":67}},"8":{"start":{"line":49,"column":21},"end":{"line":49,"column":36}},"9":{"start":{"line":53,"column":53},"end":{"line":53,"column":92}},"10":{"start":{"line":54,"column":49},"end":{"line":54,"column":80}},"11":{"start":{"line":57,"column":4},"end":{"line":57,"column":89}},"12":{"start":{"line":58,"column":4},"end":{"line":60,"column":5}},"13":{"start":{"line":59,"column":6},"end":{"line":59,"column":111}},"14":{"start":{"line":70,"column":4},"end":{"line":73,"column":5}},"15":{"start":{"line":71,"column":8},"end":{"line":71,"column":106}},"16":{"start":{"line":72,"column":8},"end":{"line":72,"column":21}},"17":{"start":{"line":77,"column":25},"end":{"line":77,"column":136}},"18":{"start":{"line":79,"column":32},"end":{"line":82,"column":20}},"19":{"start":{"line":84,"column":4},"end":{"line":87,"column":51}},"20":{"start":{"line":89,"column":4},"end":{"line":89,"column":53}},"21":{"start":{"line":99,"column":4},"end":{"line":99,"column":67}},"22":{"start":{"line":100,"column":4},"end":{"line":100,"column":89}},"23":{"start":{"line":102,"column":28},"end":{"line":102,"column":53}},"24":{"start":{"line":104,"column":4},"end":{"line":107,"column":5}},"25":{"start":{"line":105,"column":6},"end":{"line":105,"column":69}},"26":{"start":{"line":106,"column":6},"end":{"line":106,"column":68}},"27":{"start":{"line":110,"column":20},"end":{"line":115,"column":null}},"28":{"start":{"line":118,"column":4},"end":{"line":124,"column":5}},"29":{"start":{"line":119,"column":6},"end":{"line":119,"column":107}},"30":{"start":{"line":123,"column":6},"end":{"line":123,"column":66}},"31":{"start":{"line":126,"column":4},"end":{"line":126,"column":109}},"32":{"start":{"line":130,"column":29},"end":{"line":130,"column":98}},"33":{"start":{"line":133,"column":4},"end":{"line":137,"column":5}},"34":{"start":{"line":134,"column":6},"end":{"line":134,"column":104}},"35":{"start":{"line":136,"column":6},"end":{"line":136,"column":100}},"36":{"start":{"line":140,"column":4},"end":{"line":144,"column":5}},"37":{"start":{"line":141,"column":6},"end":{"line":141,"column":147}},"38":{"start":{"line":143,"column":8},"end":{"line":143,"column":93}},"39":{"start":{"line":147,"column":4},"end":{"line":156,"column":5}},"40":{"start":{"line":148,"column":6},"end":{"line":148,"column":136}},"41":{"start":{"line":149,"column":6},"end":{"line":155,"column":7}},"42":{"start":{"line":150,"column":8},"end":{"line":150,"column":76}},"43":{"start":{"line":151,"column":8},"end":{"line":151,"column":93}},"44":{"start":{"line":153,"column":8},"end":{"line":153,"column":140}},"45":{"start":{"line":161,"column":4},"end":{"line":161,"column":103}},"46":{"start":{"line":162,"column":4},"end":{"line":162,"column":65}},"47":{"start":{"line":44,"column":13},"end":{"line":44,"column":35}},"48":{"start":{"line":94,"column":8},"end":{"line":163,"column":null}},"49":{"start":{"line":44,"column":13},"end":{"line":164,"column":null}}},"fnMap":{"0":{"name":"(anonymous_4)","decl":{"start":{"line":48,"column":2},"end":{"line":48,"column":null}},"loc":{"start":{"line":54,"column":80},"end":{"line":61,"column":3}}},"1":{"name":"(anonymous_5)","decl":{"start":{"line":63,"column":10},"end":{"line":63,"column":26}},"loc":{"start":{"line":68,"column":29},"end":{"line":90,"column":3}}},"2":{"name":"(anonymous_6)","decl":{"start":{"line":94,"column":2},"end":{"line":94,"column":7}},"loc":{"start":{"line":95,"column":40},"end":{"line":163,"column":3}}}},"branchMap":{"0":{"loc":{"start":{"line":57,"column":31},"end":{"line":57,"column":88}},"type":"binary-expr","locations":[{"start":{"line":57,"column":31},"end":{"line":57,"column":84}},{"start":{"line":57,"column":86},"end":{"line":57,"column":88}}]},"1":{"loc":{"start":{"line":58,"column":4},"end":{"line":60,"column":5}},"type":"if","locations":[{"start":{"line":58,"column":4},"end":{"line":60,"column":5}}]},"2":{"loc":{"start":{"line":70,"column":4},"end":{"line":73,"column":5}},"type":"if","locations":[{"start":{"line":70,"column":4},"end":{"line":73,"column":5}}]},"3":{"loc":{"start":{"line":104,"column":4},"end":{"line":107,"column":5}},"type":"if","locations":[{"start":{"line":104,"column":4},"end":{"line":107,"column":5}}]},"4":{"loc":{"start":{"line":104,"column":8},"end":{"line":104,"column":68}},"type":"binary-expr","locations":[{"start":{"line":104,"column":8},"end":{"line":104,"column":24}},{"start":{"line":104,"column":28},"end":{"line":104,"column":46}},{"start":{"line":104,"column":50},"end":{"line":104,"column":68}}]},"5":{"loc":{"start":{"line":118,"column":4},"end":{"line":124,"column":5}},"type":"if","locations":[{"start":{"line":118,"column":4},"end":{"line":124,"column":5}}]},"6":{"loc":{"start":{"line":133,"column":4},"end":{"line":137,"column":5}},"type":"if","locations":[{"start":{"line":133,"column":4},"end":{"line":137,"column":5}}]},"7":{"loc":{"start":{"line":140,"column":4},"end":{"line":144,"column":5}},"type":"if","locations":[{"start":{"line":140,"column":4},"end":{"line":144,"column":5}}]},"8":{"loc":{"start":{"line":147,"column":4},"end":{"line":156,"column":5}},"type":"if","locations":[{"start":{"line":147,"column":4},"end":{"line":156,"column":5}}]},"9":{"loc":{"start":{"line":147,"column":8},"end":{"line":147,"column":87}},"type":"binary-expr","locations":[{"start":{"line":147,"column":8},"end":{"line":147,"column":45}},{"start":{"line":147,"column":49},"end":{"line":147,"column":87}}]}},"s":{"0":0,"1":0,"2":0,"3":0,"4":0,"5":0,"6":0,"7":0,"8":0,"9":0,"10":0,"11":0,"12":0,"13":0,"14":0,"15":0,"16":0,"17":0,"18":0,"19":0,"20":0,"21":0,"22":0,"23":0,"24":0,"25":0,"26":0,"27":0,"28":0,"29":0,"30":0,"31":0,"32":0,"33":0,"34":0,"35":0,"36":0,"37":0,"38":0,"39":0,"40":0,"41":0,"42":0,"43":0,"44":0,"45":0,"46":0,"47":0,"48":0,"49":0},"f":{"0":0,"1":0,"2":0},"b":{"0":[0,0],"1":[0],"2":[0],"3":[0],"4":[0,0,0],"5":[0],"6":[0],"7":[0],"8":[0],"9":[0,0]}}
,"C:\\Users\\julia\\OneDrive\\Documentos\\Devvs\\Full Stack Technical\\backend\\src\\infrastructure\\gateways\\wompi\\wompi.gateway.ts": {"path":"C:\\Users\\julia\\OneDrive\\Documentos\\Devvs\\Full Stack Technical\\backend\\src\\infrastructure\\gateways\\wompi\\wompi.gateway.ts","statementMap":{"0":{"start":{"line":1,"column":0},"end":{"line":1,"column":52}},"1":{"start":{"line":2,"column":0},"end":{"line":2,"column":47}},"2":{"start":{"line":3,"column":0},"end":{"line":3,"column":44}},"3":{"start":{"line":4,"column":0},"end":{"line":4,"column":38}},"4":{"start":{"line":5,"column":0},"end":{"line":5,"column":33}},"5":{"start":{"line":50,"column":25},"end":{"line":392,"column":null}},"6":{"start":{"line":51,"column":28},"end":{"line":51,"column":57}},"7":{"start":{"line":57,"column":36},"end":{"line":57,"column":38}},"8":{"start":{"line":60,"column":47},"end":{"line":66,"column":4}},"9":{"start":{"line":69,"column":21},"end":{"line":69,"column":36}},"10":{"start":{"line":70,"column":21},"end":{"line":70,"column":34}},"11":{"start":{"line":72,"column":4},"end":{"line":72,"column":89}},"12":{"start":{"line":73,"column":4},"end":{"line":73,"column":87}},"13":{"start":{"line":74,"column":4},"end":{"line":74,"column":85}},"14":{"start":{"line":75,"column":4},"end":{"line":75,"column":91}},"15":{"start":{"line":76,"column":4},"end":{"line":76,"column":91}},"16":{"start":{"line":78,"column":4},"end":{"line":84,"column":7}},"17":{"start":{"line":91,"column":4},"end":{"line":93,"column":5}},"18":{"start":{"line":92,"column":6},"end":{"line":92,"column":34}},"19":{"start":{"line":95,"column":4},"end":{"line":112,"column":5}},"20":{"start":{"line":96,"column":18},"end":{"line":96,"column":81}},"21":{"start":{"line":97,"column":23},"end":{"line":98,"column":null}},"22":{"start":{"line":101,"column":34},"end":{"line":101,"column":73}},"23":{"start":{"line":102,"column":6},"end":{"line":104,"column":7}},"24":{"start":{"line":103,"column":8},"end":{"line":103,"column":75}},"25":{"start":{"line":106,"column":6},"end":{"line":106,"column":66}},"26":{"start":{"line":107,"column":6},"end":{"line":107,"column":64}},"27":{"start":{"line":108,"column":6},"end":{"line":108,"column":34}},"28":{"start":{"line":110,"column":6},"end":{"line":110,"column":101}},"29":{"start":{"line":111,"column":6},"end":{"line":111,"column":73}},"30":{"start":{"line":120,"column":20},"end":{"line":120,"column":88}},"31":{"start":{"line":121,"column":17},"end":{"line":121,"column":82}},"32":{"start":{"line":123,"column":4},"end":{"line":123,"column":82}},"33":{"start":{"line":124,"column":4},"end":{"line":124,"column":57}},"34":{"start":{"line":126,"column":4},"end":{"line":126,"column":16}},"35":{"start":{"line":130,"column":16},"end":{"line":130,"column":57}},"36":{"start":{"line":132,"column":28},"end":{"line":132,"column":59}},"37":{"start":{"line":134,"column":20},"end":{"line":137,"column":6}},"38":{"start":{"line":139,"column":22},"end":{"line":142,"column":null}},"39":{"start":{"line":145,"column":25},"end":{"line":157,"column":6}},"40":{"start":{"line":159,"column":4},"end":{"line":162,"column":7}},"41":{"start":{"line":164,"column":4},"end":{"line":188,"column":5}},"42":{"start":{"line":165,"column":28},"end":{"line":166,"column":null}},"43":{"start":{"line":169,"column":6},"end":{"line":173,"column":9}},"44":{"start":{"line":175,"column":6},"end":{"line":175,"column":37}},"45":{"start":{"line":177,"column":6},"end":{"line":181,"column":9}},"46":{"start":{"line":183,"column":27},"end":{"line":185,"column":23}},"47":{"start":{"line":187,"column":6},"end":{"line":187,"column":61}},"48":{"start":{"line":195,"column":16},"end":{"line":195,"column":74}},"49":{"start":{"line":196,"column":20},"end":{"line":199,"column":6}},"50":{"start":{"line":201,"column":4},"end":{"line":216,"column":5}},"51":{"start":{"line":202,"column":23},"end":{"line":203,"column":null}},"52":{"start":{"line":206,"column":6},"end":{"line":210,"column":9}},"53":{"start":{"line":212,"column":6},"end":{"line":212,"column":32}},"54":{"start":{"line":214,"column":6},"end":{"line":214,"column":107}},"55":{"start":{"line":215,"column":6},"end":{"line":215,"column":90}},"56":{"start":{"line":227,"column":4},"end":{"line":247,"column":5}},"57":{"start":{"line":230,"column":22},"end":{"line":230,"column":47}},"58":{"start":{"line":231,"column":32},"end":{"line":234,"column":22}},"59":{"start":{"line":237,"column":22},"end":{"line":239,"column":null}},"60":{"start":{"line":242,"column":6},"end":{"line":242,"column":90}},"61":{"start":{"line":243,"column":6},"end":{"line":243,"column":21}},"62":{"start":{"line":245,"column":6},"end":{"line":245,"column":70}},"63":{"start":{"line":246,"column":6},"end":{"line":246,"column":19}},"64":{"start":{"line":259,"column":4},"end":{"line":261,"column":5}},"65":{"start":{"line":260,"column":6},"end":{"line":260,"column":51}},"66":{"start":{"line":263,"column":4},"end":{"line":289,"column":5}},"67":{"start":{"line":264,"column":39},"end":{"line":264,"column":58}},"68":{"start":{"line":266,"column":6},"end":{"line":271,"column":9}},"69":{"start":{"line":274,"column":6},"end":{"line":283,"column":7}},"70":{"start":{"line":276,"column":10},"end":{"line":276,"column":70}},"71":{"start":{"line":277,"column":10},"end":{"line":277,"column":16}},"72":{"start":{"line":279,"column":10},"end":{"line":279,"column":70}},"73":{"start":{"line":280,"column":10},"end":{"line":280,"column":16}},"74":{"start":{"line":282,"column":10},"end":{"line":282,"column":70}},"75":{"start":{"line":285,"column":6},"end":{"line":285,"column":19}},"76":{"start":{"line":287,"column":6},"end":{"line":287,"column":66}},"77":{"start":{"line":288,"column":6},"end":{"line":288,"column":57}},"78":{"start":{"line":296,"column":4},"end":{"line":296,"column":87}},"79":{"start":{"line":301,"column":4},"end":{"line":318,"column":5}},"80":{"start":{"line":303,"column":8},"end":{"line":303,"column":84}},"81":{"start":{"line":305,"column":8},"end":{"line":305,"column":14}},"82":{"start":{"line":307,"column":8},"end":{"line":307,"column":84}},"83":{"start":{"line":309,"column":8},"end":{"line":309,"column":14}},"84":{"start":{"line":311,"column":8},"end":{"line":311,"column":83}},"85":{"start":{"line":313,"column":8},"end":{"line":313,"column":14}},"86":{"start":{"line":315,"column":8},"end":{"line":315,"column":83}},"87":{"start":{"line":317,"column":8},"end":{"line":317,"column":14}},"88":{"start":{"line":325,"column":4},"end":{"line":325,"column":96}},"89":{"start":{"line":333,"column":16},"end":{"line":333,"column":57}},"90":{"start":{"line":334,"column":20},"end":{"line":337,"column":6}},"91":{"start":{"line":339,"column":28},"end":{"line":339,"column":85}},"92":{"start":{"line":341,"column":20},"end":{"line":347,"column":6}},"93":{"start":{"line":349,"column":4},"end":{"line":363,"column":5}},"94":{"start":{"line":350,"column":23},"end":{"line":351,"column":null}},"95":{"start":{"line":354,"column":6},"end":{"line":357,"column":9}},"96":{"start":{"line":359,"column":6},"end":{"line":359,"column":35}},"97":{"start":{"line":361,"column":6},"end":{"line":361,"column":83}},"98":{"start":{"line":362,"column":6},"end":{"line":362,"column":60}},"99":{"start":{"line":370,"column":4},"end":{"line":370,"column":30}},"100":{"start":{"line":371,"column":4},"end":{"line":371,"column":54}},"101":{"start":{"line":381,"column":4},"end":{"line":390,"column":6}},"102":{"start":{"line":50,"column":13},"end":{"line":50,"column":25}},"103":{"start":{"line":50,"column":13},"end":{"line":392,"column":null}}},"fnMap":{"0":{"name":"(anonymous_2)","decl":{"start":{"line":68,"column":2},"end":{"line":68,"column":null}},"loc":{"start":{"line":70,"column":45},"end":{"line":85,"column":3}}},"1":{"name":"(anonymous_3)","decl":{"start":{"line":90,"column":10},"end":{"line":90,"column":15}},"loc":{"start":{"line":90,"column":34},"end":{"line":113,"column":3}}},"2":{"name":"(anonymous_4)","decl":{"start":{"line":115,"column":10},"end":{"line":115,"column":36}},"loc":{"start":{"line":118,"column":20},"end":{"line":127,"column":3}}},"3":{"name":"(anonymous_5)","decl":{"start":{"line":129,"column":2},"end":{"line":129,"column":7}},"loc":{"start":{"line":129,"column":44},"end":{"line":189,"column":3}}},"4":{"name":"(anonymous_6)","decl":{"start":{"line":194,"column":2},"end":{"line":194,"column":7}},"loc":{"start":{"line":194,"column":50},"end":{"line":217,"column":3}}},"5":{"name":"(anonymous_7)","decl":{"start":{"line":222,"column":2},"end":{"line":222,"column":26}},"loc":{"start":{"line":225,"column":21},"end":{"line":248,"column":3}}},"6":{"name":"(anonymous_8)","decl":{"start":{"line":253,"column":2},"end":{"line":253,"column":7}},"loc":{"start":{"line":256,"column":21},"end":{"line":290,"column":3}}},"7":{"name":"(anonymous_9)","decl":{"start":{"line":295,"column":10},"end":{"line":295,"column":15}},"loc":{"start":{"line":295,"column":76},"end":{"line":319,"column":3}}},"8":{"name":"(anonymous_10)","decl":{"start":{"line":324,"column":10},"end":{"line":324,"column":15}},"loc":{"start":{"line":324,"column":76},"end":{"line":327,"column":3}}},"9":{"name":"(anonymous_11)","decl":{"start":{"line":332,"column":2},"end":{"line":332,"column":7}},"loc":{"start":{"line":332,"column":85},"end":{"line":364,"column":3}}},"10":{"name":"(anonymous_12)","decl":{"start":{"line":369,"column":2},"end":{"line":369,"column":27}},"loc":{"start":{"line":369,"column":27},"end":{"line":372,"column":3}}},"11":{"name":"(anonymous_13)","decl":{"start":{"line":377,"column":2},"end":{"line":377,"column":16}},"loc":{"start":{"line":377,"column":16},"end":{"line":391,"column":3}}}},"branchMap":{"0":{"loc":{"start":{"line":72,"column":30},"end":{"line":72,"column":88}},"type":"binary-expr","locations":[{"start":{"line":72,"column":30},"end":{"line":72,"column":82}},{"start":{"line":72,"column":86},"end":{"line":72,"column":88}}]},"1":{"loc":{"start":{"line":73,"column":29},"end":{"line":73,"column":86}},"type":"binary-expr","locations":[{"start":{"line":73,"column":29},"end":{"line":73,"column":80}},{"start":{"line":73,"column":84},"end":{"line":73,"column":86}}]},"2":{"loc":{"start":{"line":74,"column":28},"end":{"line":74,"column":84}},"type":"binary-expr","locations":[{"start":{"line":74,"column":28},"end":{"line":74,"column":78}},{"start":{"line":74,"column":82},"end":{"line":74,"column":84}}]},"3":{"loc":{"start":{"line":75,"column":31},"end":{"line":75,"column":90}},"type":"binary-expr","locations":[{"start":{"line":75,"column":31},"end":{"line":75,"column":84}},{"start":{"line":75,"column":88},"end":{"line":75,"column":90}}]},"4":{"loc":{"start":{"line":76,"column":31},"end":{"line":76,"column":90}},"type":"binary-expr","locations":[{"start":{"line":76,"column":31},"end":{"line":76,"column":84}},{"start":{"line":76,"column":88},"end":{"line":76,"column":90}}]},"5":{"loc":{"start":{"line":91,"column":4},"end":{"line":93,"column":5}},"type":"if","locations":[{"start":{"line":91,"column":4},"end":{"line":93,"column":5}}]},"6":{"loc":{"start":{"line":102,"column":6},"end":{"line":104,"column":7}},"type":"if","locations":[{"start":{"line":102,"column":6},"end":{"line":104,"column":7}}]},"7":{"loc":{"start":{"line":102,"column":10},"end":{"line":102,"column":71}},"type":"binary-expr","locations":[{"start":{"line":102,"column":10},"end":{"line":102,"column":30}},{"start":{"line":102,"column":34},"end":{"line":102,"column":71}}]},"8":{"loc":{"start":{"line":110,"column":62},"end":{"line":110,"column":99}},"type":"binary-expr","locations":[{"start":{"line":110,"column":62},"end":{"line":110,"column":82}},{"start":{"line":110,"column":86},"end":{"line":110,"column":99}}]},"9":{"loc":{"start":{"line":183,"column":27},"end":{"line":185,"column":23}},"type":"cond-expr","locations":[{"start":{"line":184,"column":10},"end":{"line":184,"column":60}},{"start":{"line":185,"column":10},"end":{"line":185,"column":23}}]},"10":{"loc":{"start":{"line":242,"column":57},"end":{"line":242,"column":86}},"type":"cond-expr","locations":[{"start":{"line":242,"column":67},"end":{"line":242,"column":74}},{"start":{"line":242,"column":77},"end":{"line":242,"column":86}}]},"11":{"loc":{"start":{"line":259,"column":4},"end":{"line":261,"column":5}},"type":"if","locations":[{"start":{"line":259,"column":4},"end":{"line":261,"column":5}}]},"12":{"loc":{"start":{"line":274,"column":6},"end":{"line":283,"column":7}},"type":"switch","locations":[{"start":{"line":275,"column":8},"end":{"line":277,"column":16}},{"start":{"line":278,"column":8},"end":{"line":280,"column":16}},{"start":{"line":281,"column":8},"end":{"line":282,"column":70}}]},"13":{"loc":{"start":{"line":301,"column":4},"end":{"line":318,"column":5}},"type":"switch","locations":[{"start":{"line":302,"column":6},"end":{"line":305,"column":14}},{"start":{"line":306,"column":6},"end":{"line":309,"column":14}},{"start":{"line":310,"column":6},"end":{"line":313,"column":14}},{"start":{"line":314,"column":6},"end":{"line":317,"column":14}}]},"14":{"loc":{"start":{"line":339,"column":28},"end":{"line":339,"column":85}},"type":"cond-expr","locations":[{"start":{"line":339,"column":43},"end":{"line":339,"column":72}},{"start":{"line":339,"column":75},"end":{"line":339,"column":85}}]},"15":{"loc":{"start":{"line":354,"column":65},"end":{"line":354,"column":89}},"type":"binary-expr","locations":[{"start":{"line":354,"column":65},"end":{"line":354,"column":77}},{"start":{"line":354,"column":81},"end":{"line":354,"column":89}}]}},"s":{"0":1,"1":1,"2":1,"3":1,"4":1,"5":1,"6":4,"7":4,"8":4,"9":4,"10":4,"11":4,"12":4,"13":4,"14":4,"15":4,"16":4,"17":4,"18":0,"19":4,"20":4,"21":4,"22":0,"23":0,"24":0,"25":0,"26":0,"27":0,"28":4,"29":4,"30":0,"31":0,"32":0,"33":0,"34":0,"35":4,"36":4,"37":0,"38":0,"39":0,"40":0,"41":0,"42":0,"43":0,"44":0,"45":0,"46":0,"47":0,"48":0,"49":0,"50":0,"51":0,"52":0,"53":0,"54":0,"55":0,"56":0,"57":0,"58":0,"59":0,"60":0,"61":0,"62":0,"63":0,"64":0,"65":0,"66":0,"67":0,"68":0,"69":0,"70":0,"71":0,"72":0,"73":0,"74":0,"75":0,"76":0,"77":0,"78":0,"79":0,"80":0,"81":0,"82":0,"83":0,"84":0,"85":0,"86":0,"87":0,"88":0,"89":0,"90":0,"91":0,"92":0,"93":0,"94":0,"95":0,"96":0,"97":0,"98":0,"99":0,"100":0,"101":0,"102":1,"103":1},"f":{"0":4,"1":4,"2":0,"3":4,"4":0,"5":0,"6":0,"7":0,"8":0,"9":0,"10":0,"11":0},"b":{"0":[4,0],"1":[4,0],"2":[4,0],"3":[4,0],"4":[4,0],"5":[0],"6":[0],"7":[0,0],"8":[4,4],"9":[0,0],"10":[0,0],"11":[0],"12":[0,0,0],"13":[0,0,0,0],"14":[0,0],"15":[0,0]}}
,"C:\\Users\\julia\\OneDrive\\Documentos\\Devvs\\Full Stack Technical\\backend\\src\\infrastructure\\gateways\\wompi\\wompi.module.ts": {"path":"C:\\Users\\julia\\OneDrive\\Documentos\\Devvs\\Full Stack Technical\\backend\\src\\infrastructure\\gateways\\wompi\\wompi.module.ts","statementMap":{"0":{"start":{"line":1,"column":0},"end":{"line":1,"column":40}},"1":{"start":{"line":2,"column":0},"end":{"line":2,"column":43}},"2":{"start":{"line":3,"column":0},"end":{"line":3,"column":46}},"3":{"start":{"line":4,"column":0},"end":{"line":4,"column":47}},"4":{"start":{"line":5,"column":0},"end":{"line":5,"column":79}},"5":{"start":{"line":16,"column":7},"end":{"line":16,"column":null}},"6":{"start":{"line":16,"column":13},"end":{"line":16,"column":24}},"7":{"start":{"line":16,"column":13},"end":{"line":16,"column":null}}},"fnMap":{},"branchMap":{},"s":{"0":0,"1":0,"2":0,"3":0,"4":0,"5":0,"6":0,"7":0},"f":{},"b":{}}
,"C:\\Users\\julia\\OneDrive\\Documentos\\Devvs\\Full Stack Technical\\backend\\src\\infrastructure\\payment\\payment.module.ts": {"path":"C:\\Users\\julia\\OneDrive\\Documentos\\Devvs\\Full Stack Technical\\backend\\src\\infrastructure\\payment\\payment.module.ts","statementMap":{"0":{"start":{"line":1,"column":0},"end":{"line":1,"column":40}},"1":{"start":{"line":2,"column":0},"end":{"line":2,"column":48}},"2":{"start":{"line":3,"column":0},"end":{"line":3,"column":43}},"3":{"start":{"line":4,"column":0},"end":{"line":4,"column":70}},"4":{"start":{"line":5,"column":0},"end":{"line":5,"column":92}},"5":{"start":{"line":6,"column":0},"end":{"line":6,"column":91}},"6":{"start":{"line":7,"column":0},"end":{"line":7,"column":69}},"7":{"start":{"line":8,"column":0},"end":{"line":8,"column":102}},"8":{"start":{"line":9,"column":0},"end":{"line":9,"column":63}},"9":{"start":{"line":10,"column":0},"end":{"line":10,"column":95}},"10":{"start":{"line":11,"column":0},"end":{"line":11,"column":58}},"11":{"start":{"line":26,"column":7},"end":{"line":26,"column":null}},"12":{"start":{"line":26,"column":13},"end":{"line":26,"column":26}},"13":{"start":{"line":26,"column":13},"end":{"line":26,"column":null}}},"fnMap":{},"branchMap":{},"s":{"0":0,"1":0,"2":0,"3":0,"4":0,"5":0,"6":0,"7":0,"8":0,"9":0,"10":0,"11":0,"12":0,"13":0},"f":{},"b":{}}
,"C:\\Users\\julia\\OneDrive\\Documentos\\Devvs\\Full Stack Technical\\backend\\src\\infrastructure\\persistence\\postgres\\entities\\product.orm-entity.ts": {"path":"C:\\Users\\julia\\OneDrive\\Documentos\\Devvs\\Full Stack Technical\\backend\\src\\infrastructure\\persistence\\postgres\\entities\\product.orm-entity.ts","statementMap":{"0":{"start":{"line":1,"column":0},"end":{"line":1,"column":65}},"1":{"start":{"line":4,"column":7},"end":{"line":22,"column":null}},"2":{"start":{"line":4,"column":13},"end":{"line":4,"column":29}},"3":{"start":{"line":6,"column":2},"end":{"line":6,"column":null}},"4":{"start":{"line":9,"column":2},"end":{"line":9,"column":null}},"5":{"start":{"line":12,"column":2},"end":{"line":12,"column":null}},"6":{"start":{"line":15,"column":2},"end":{"line":15,"column":null}},"7":{"start":{"line":18,"column":2},"end":{"line":18,"column":null}},"8":{"start":{"line":21,"column":2},"end":{"line":21,"column":null}},"9":{"start":{"line":4,"column":13},"end":{"line":22,"column":null}}},"fnMap":{},"branchMap":{},"s":{"0":1,"1":1,"2":1,"3":1,"4":1,"5":1,"6":1,"7":1,"8":1,"9":1},"f":{},"b":{}}
,"C:\\Users\\julia\\OneDrive\\Documentos\\Devvs\\Full Stack Technical\\backend\\src\\infrastructure\\persistence\\postgres\\entities\\transaction.orm-entity.ts": {"path":"C:\\Users\\julia\\OneDrive\\Documentos\\Devvs\\Full Stack Technical\\backend\\src\\infrastructure\\persistence\\postgres\\entities\\transaction.orm-entity.ts","statementMap":{"0":{"start":{"line":1,"column":0},"end":{"line":1,"column":83}},"1":{"start":{"line":4,"column":7},"end":{"line":31,"column":null}},"2":{"start":{"line":4,"column":13},"end":{"line":4,"column":33}},"3":{"start":{"line":6,"column":2},"end":{"line":6,"column":null}},"4":{"start":{"line":9,"column":2},"end":{"line":9,"column":null}},"5":{"start":{"line":12,"column":2},"end":{"line":12,"column":null}},"6":{"start":{"line":15,"column":2},"end":{"line":15,"column":null}},"7":{"start":{"line":18,"column":2},"end":{"line":18,"column":null}},"8":{"start":{"line":21,"column":2},"end":{"line":21,"column":null}},"9":{"start":{"line":24,"column":2},"end":{"line":24,"column":null}},"10":{"start":{"line":27,"column":2},"end":{"line":27,"column":null}},"11":{"start":{"line":30,"column":2},"end":{"line":30,"column":23}},"12":{"start":{"line":4,"column":13},"end":{"line":31,"column":null}}},"fnMap":{},"branchMap":{},"s":{"0":1,"1":1,"2":1,"3":1,"4":1,"5":1,"6":1,"7":1,"8":1,"9":1,"10":1,"11":1,"12":1},"f":{},"b":{}}
,"C:\\Users\\julia\\OneDrive\\Documentos\\Devvs\\Full Stack Technical\\backend\\src\\infrastructure\\persistence\\postgres\\repositories\\product.repository.ts": {"path":"C:\\Users\\julia\\OneDrive\\Documentos\\Devvs\\Full Stack Technical\\backend\\src\\infrastructure\\persistence\\postgres\\repositories\\product.repository.ts","statementMap":{"0":{"start":{"line":1,"column":0},"end":{"line":1,"column":63}},"1":{"start":{"line":2,"column":0},"end":{"line":2,"column":51}},"2":{"start":{"line":3,"column":0},"end":{"line":3,"column":37}},"3":{"start":{"line":5,"column":0},"end":{"line":5,"column":85}},"4":{"start":{"line":6,"column":0},"end":{"line":6,"column":66}},"5":{"start":{"line":9,"column":7},"end":{"line":47,"column":null}},"6":{"start":{"line":12,"column":21},"end":{"line":12,"column":34}},"7":{"start":{"line":16,"column":4},"end":{"line":16,"column":32}},"8":{"start":{"line":16,"column":20},"end":{"line":16,"column":32}},"9":{"start":{"line":17,"column":26},"end":{"line":17,"column":39}},"10":{"start":{"line":18,"column":4},"end":{"line":18,"column":44}},"11":{"start":{"line":19,"column":4},"end":{"line":19,"column":25}},"12":{"start":{"line":23,"column":23},"end":{"line":23,"column":63}},"13":{"start":{"line":24,"column":4},"end":{"line":24,"column":37}},"14":{"start":{"line":28,"column":24},"end":{"line":28,"column":53}},"15":{"start":{"line":29,"column":4},"end":{"line":29,"column":79}},"16":{"start":{"line":29,"column":32},"end":{"line":29,"column":48}},"17":{"start":{"line":33,"column":23},"end":{"line":33,"column":63}},"18":{"start":{"line":34,"column":4},"end":{"line":34,"column":86}},"19":{"start":{"line":34,"column":21},"end":{"line":34,"column":86}},"20":{"start":{"line":36,"column":26},"end":{"line":36,"column":62}},"21":{"start":{"line":37,"column":4},"end":{"line":37,"column":42}},"22":{"start":{"line":38,"column":4},"end":{"line":38,"column":70}},"23":{"start":{"line":39,"column":4},"end":{"line":39,"column":25}},"24":{"start":{"line":43,"column":22},"end":{"line":43,"column":58}},"25":{"start":{"line":44,"column":27},"end":{"line":44,"column":65}},"26":{"start":{"line":45,"column":4},"end":{"line":45,"column":52}},"27":{"start":{"line":9,"column":13},"end":{"line":9,"column":32}},"28":{"start":{"line":9,"column":13},"end":{"line":47,"column":null}}},"fnMap":{"0":{"name":"(anonymous_4)","decl":{"start":{"line":10,"column":2},"end":{"line":10,"column":null}},"loc":{"start":{"line":12,"column":62},"end":{"line":13,"column":6}}},"1":{"name":"(anonymous_5)","decl":{"start":{"line":15,"column":10},"end":{"line":15,"column":18}},"loc":{"start":{"line":15,"column":53},"end":{"line":20,"column":3}}},"2":{"name":"(anonymous_6)","decl":{"start":{"line":22,"column":2},"end":{"line":22,"column":7}},"loc":{"start":{"line":22,"column":27},"end":{"line":25,"column":3}}},"3":{"name":"(anonymous_7)","decl":{"start":{"line":27,"column":2},"end":{"line":27,"column":7}},"loc":{"start":{"line":27,"column":15},"end":{"line":30,"column":3}}},"4":{"name":"(anonymous_8)","decl":{"start":{"line":29,"column":27},"end":{"line":29,"column":28}},"loc":{"start":{"line":29,"column":32},"end":{"line":29,"column":48}}},"5":{"name":"(anonymous_9)","decl":{"start":{"line":32,"column":2},"end":{"line":32,"column":7}},"loc":{"start":{"line":32,"column":50},"end":{"line":40,"column":3}}},"6":{"name":"(anonymous_10)","decl":{"start":{"line":42,"column":2},"end":{"line":42,"column":7}},"loc":{"start":{"line":42,"column":42},"end":{"line":46,"column":3}}}},"branchMap":{"0":{"loc":{"start":{"line":16,"column":4},"end":{"line":16,"column":32}},"type":"if","locations":[{"start":{"line":16,"column":4},"end":{"line":16,"column":32}}]},"1":{"loc":{"start":{"line":34,"column":4},"end":{"line":34,"column":86}},"type":"if","locations":[{"start":{"line":34,"column":4},"end":{"line":34,"column":86}}]}},"s":{"0":1,"1":1,"2":1,"3":1,"4":1,"5":1,"6":1,"7":12,"8":1,"9":11,"10":11,"11":11,"12":5,"13":5,"14":2,"15":2,"16":2,"17":4,"18":4,"19":1,"20":3,"21":3,"22":2,"23":2,"24":2,"25":2,"26":2,"27":1,"28":1},"f":{"0":1,"1":12,"2":5,"3":2,"4":2,"5":4,"6":2},"b":{"0":[1],"1":[1]}}
,"C:\\Users\\julia\\OneDrive\\Documentos\\Devvs\\Full Stack Technical\\backend\\src\\infrastructure\\persistence\\postgres\\repositories\\transaction.repository.ts": {"path":"C:\\Users\\julia\\OneDrive\\Documentos\\Devvs\\Full Stack Technical\\backend\\src\\infrastructure\\persistence\\postgres\\repositories\\transaction.repository.ts","statementMap":{"0":{"start":{"line":1,"column":0},"end":{"line":1,"column":44}},"1":{"start":{"line":2,"column":0},"end":{"line":2,"column":51}},"2":{"start":{"line":3,"column":0},"end":{"line":3,"column":37}},"3":{"start":{"line":5,"column":0},"end":{"line":5,"column":119}},"4":{"start":{"line":6,"column":0},"end":{"line":6,"column":74}},"5":{"start":{"line":9,"column":7},"end":{"line":69,"column":null}},"6":{"start":{"line":12,"column":21},"end":{"line":12,"column":34}},"7":{"start":{"line":16,"column":4},"end":{"line":16,"column":32}},"8":{"start":{"line":16,"column":20},"end":{"line":16,"column":32}},"9":{"start":{"line":17,"column":25},"end":{"line":17,"column":42}},"10":{"start":{"line":18,"column":4},"end":{"line":18,"column":43}},"11":{"start":{"line":19,"column":4},"end":{"line":19,"column":64}},"12":{"start":{"line":20,"column":4},"end":{"line":20,"column":24}},"13":{"start":{"line":24,"column":24},"end":{"line":24,"column":68}},"14":{"start":{"line":25,"column":4},"end":{"line":25,"column":83}},"15":{"start":{"line":25,"column":22},"end":{"line":25,"column":83}},"16":{"start":{"line":26,"column":4},"end":{"line":26,"column":53}},"17":{"start":{"line":30,"column":22},"end":{"line":30,"column":62}},"18":{"start":{"line":31,"column":4},"end":{"line":31,"column":36}},"19":{"start":{"line":41,"column":57},"end":{"line":41,"column":67}},"20":{"start":{"line":42,"column":4},"end":{"line":44,"column":5}},"21":{"start":{"line":43,"column":6},"end":{"line":43,"column":60}},"22":{"start":{"line":45,"column":4},"end":{"line":49,"column":5}},"23":{"start":{"line":48,"column":6},"end":{"line":48,"column":50}},"24":{"start":{"line":51,"column":25},"end":{"line":51,"column":73}},"25":{"start":{"line":53,"column":4},"end":{"line":55,"column":5}},"26":{"start":{"line":54,"column":6},"end":{"line":54,"column":88}},"27":{"start":{"line":57,"column":29},"end":{"line":57,"column":69}},"28":{"start":{"line":58,"column":4},"end":{"line":61,"column":5}},"29":{"start":{"line":60,"column":6},"end":{"line":60,"column":99}},"30":{"start":{"line":62,"column":4},"end":{"line":62,"column":58}},"31":{"start":{"line":66,"column":22},"end":{"line":66,"column":69}},"32":{"start":{"line":67,"column":4},"end":{"line":67,"column":36}},"33":{"start":{"line":9,"column":13},"end":{"line":9,"column":36}},"34":{"start":{"line":9,"column":13},"end":{"line":69,"column":null}}},"fnMap":{"0":{"name":"(anonymous_4)","decl":{"start":{"line":10,"column":2},"end":{"line":10,"column":null}},"loc":{"start":{"line":12,"column":66},"end":{"line":13,"column":6}}},"1":{"name":"(anonymous_5)","decl":{"start":{"line":15,"column":10},"end":{"line":15,"column":18}},"loc":{"start":{"line":15,"column":57},"end":{"line":21,"column":3}}},"2":{"name":"(anonymous_6)","decl":{"start":{"line":23,"column":2},"end":{"line":23,"column":7}},"loc":{"start":{"line":23,"column":53},"end":{"line":27,"column":3}}},"3":{"name":"(anonymous_7)","decl":{"start":{"line":29,"column":2},"end":{"line":29,"column":7}},"loc":{"start":{"line":29,"column":27},"end":{"line":32,"column":3}}},"4":{"name":"(anonymous_8)","decl":{"start":{"line":34,"column":1},"end":{"line":34,"column":6}},"loc":{"start":{"line":38,"column":23},"end":{"line":63,"column":3}}},"5":{"name":"(anonymous_9)","decl":{"start":{"line":65,"column":4},"end":{"line":65,"column":9}},"loc":{"start":{"line":65,"column":43},"end":{"line":68,"column":3}}}},"branchMap":{"0":{"loc":{"start":{"line":16,"column":4},"end":{"line":16,"column":32}},"type":"if","locations":[{"start":{"line":16,"column":4},"end":{"line":16,"column":32}}]},"1":{"loc":{"start":{"line":25,"column":4},"end":{"line":25,"column":83}},"type":"if","locations":[{"start":{"line":25,"column":4},"end":{"line":25,"column":83}}]},"2":{"loc":{"start":{"line":42,"column":4},"end":{"line":44,"column":5}},"type":"if","locations":[{"start":{"line":42,"column":4},"end":{"line":44,"column":5}}]},"3":{"loc":{"start":{"line":45,"column":4},"end":{"line":49,"column":5}},"type":"if","locations":[{"start":{"line":45,"column":4},"end":{"line":49,"column":5}}]},"4":{"loc":{"start":{"line":53,"column":4},"end":{"line":55,"column":5}},"type":"if","locations":[{"start":{"line":53,"column":4},"end":{"line":55,"column":5}}]},"5":{"loc":{"start":{"line":58,"column":4},"end":{"line":61,"column":5}},"type":"if","locations":[{"start":{"line":58,"column":4},"end":{"line":61,"column":5}}]}},"s":{"0":1,"1":1,"2":1,"3":1,"4":1,"5":1,"6":1,"7":17,"8":2,"9":15,"10":15,"11":15,"12":15,"13":7,"14":7,"15":0,"16":7,"17":4,"18":4,"19":5,"20":5,"21":0,"22":5,"23":0,"24":5,"25":5,"26":1,"27":4,"28":4,"29":0,"30":4,"31":2,"32":2,"33":1,"34":1},"f":{"0":1,"1":17,"2":7,"3":4,"4":5,"5":2},"b":{"0":[2],"1":[0],"2":[0],"3":[0],"4":[1],"5":[0]}}
,"C:\\Users\\julia\\OneDrive\\Documentos\\Devvs\\Full Stack Technical\\backend\\src\\infrastructure\\product\\product.module.ts": {"path":"C:\\Users\\julia\\OneDrive\\Documentos\\Devvs\\Full Stack Technical\\backend\\src\\infrastructure\\product\\product.module.ts","statementMap":{"0":{"start":{"line":1,"column":0},"end":{"line":1,"column":40}},"1":{"start":{"line":2,"column":0},"end":{"line":2,"column":48}},"2":{"start":{"line":3,"column":0},"end":{"line":3,"column":83}},"3":{"start":{"line":4,"column":0},"end":{"line":4,"column":94}},"4":{"start":{"line":5,"column":0},"end":{"line":5,"column":87}},"5":{"start":{"line":6,"column":0},"end":{"line":6,"column":70}},"6":{"start":{"line":7,"column":0},"end":{"line":7,"column":61}},"7":{"start":{"line":21,"column":7},"end":{"line":21,"column":null}},"8":{"start":{"line":21,"column":13},"end":{"line":21,"column":26}},"9":{"start":{"line":21,"column":13},"end":{"line":21,"column":null}}},"fnMap":{},"branchMap":{},"s":{"0":0,"1":0,"2":0,"3":0,"4":0,"5":0,"6":0,"7":0,"8":0,"9":0},"f":{},"b":{}}
}
