TN:
SF:src\app.controller.ts
FN:6,(anonymous_2)
FN:9,(anonymous_3)
FNF:2
FNH:2
FNDA:1,(anonymous_2)
FNDA:1,(anonymous_3)
DA:1,1
DA:2,1
DA:5,1
DA:6,1
DA:9,1
DA:10,1
LF:6
LH:6
BRF:0
BRH:0
end_of_record
TN:
SF:src\app.service.ts
FN:5,(anonymous_1)
FNF:1
FNH:1
FNDA:1,(anonymous_1)
DA:1,1
DA:4,1
DA:6,1
LF:3
LH:3
BRF:0
BRH:0
end_of_record
TN:
SF:src\main.ts
FN:4,bootstrap
FNF:1
FNH:0
FNDA:0,bootstrap
DA:1,0
DA:2,0
DA:5,0
DA:10,0
DA:19,0
DA:21,0
LF:6
LH:0
BRF:0
BRH:0
end_of_record
TN:
SF:src\application\dtos\create-payment.dto.ts
FNF:0
FNH:0
DA:1,1
LF:1
LH:1
BRF:0
BRH:0
end_of_record
TN:
SF:src\application\dtos\domain\gateways\IWompi.gateway.ts
FNF:0
FNH:0
DA:18,0
LF:1
LH:0
BRF:0
BRH:0
end_of_record
TN:
SF:src\application\use-cases\process-payment.usecase.ts
FN:13,(anonymous_4)
FN:19,(anonymous_5)
FNF:2
FNH:2
FNDA:7,(anonymous_4)
FNDA:7,(anonymous_5)
DA:1,2
DA:2,2
DA:3,2
DA:4,2
DA:7,2
DA:12,2
DA:14,7
DA:15,7
DA:16,7
DA:20,7
DA:21,7
DA:22,6
DA:24,5
DA:25,5
DA:34,5
DA:35,5
DA:47,1
DA:48,1
DA:51,4
DA:52,4
DA:54,4
DA:55,3
DA:58,4
LF:23
LH:23
BRDA:21,0,0,1
BRDA:22,1,0,1
BRDA:51,2,0,3
BRDA:51,2,1,1
BRDA:54,3,0,3
BRF:5
BRH:5
end_of_record
TN:
SF:src\common\decorators\public.decorator.ts
FN:5,(anonymous_0)
FNF:1
FNH:0
FNDA:0,(anonymous_0)
DA:2,0
DA:4,0
DA:5,0
LF:3
LH:0
BRF:0
BRH:0
end_of_record
TN:
SF:src\domain\entities\transaction.entity.ts
FNF:0
FNH:0
DA:5,1
LF:1
LH:1
BRF:0
BRH:0
end_of_record
TN:
SF:src\domain\entities\domain\entities\product.entity.ts
FN:14,(anonymous_0)
FN:23,(anonymous_1)
FNF:2
FNH:2
FNDA:23,(anonymous_0)
FNDA:12,(anonymous_1)
DA:1,2
DA:15,23
DA:24,12
DA:26,6
DA:28,6
LF:5
LH:5
BRDA:24,0,0,6
BRF:1
BRH:1
end_of_record
TN:
SF:src\domain\entities\domain\entities\transaction.entity.ts
FNF:0
FNH:0
DA:5,0
LF:1
LH:0
BRF:0
BRH:0
end_of_record
TN:
SF:src\domain\gateways\IWompi.gateway.ts
FNF:0
FNH:0
DA:19,2
LF:1
LH:1
BRF:0
BRH:0
end_of_record
TN:
SF:src\domain\repositories\IProduct.repository.ts
FNF:0
FNH:0
DA:3,2
LF:1
LH:1
BRF:0
BRH:0
end_of_record
TN:
SF:src\domain\repositories\ITransaction.repository.ts
FNF:0
FNH:0
DA:3,2
LF:1
LH:1
BRF:0
BRH:0
end_of_record
TN:
SF:src\domain\repositories\infrastructure\persistence\postgres\entities\transaction.orm-entity.ts
FNF:0
FNH:0
DA:1,0
DA:4,0
DA:6,0
DA:9,0
DA:12,0
DA:15,0
DA:18,0
DA:21,0
DA:24,0
LF:9
LH:0
BRF:0
BRH:0
end_of_record
TN:
SF:src\infrastructure\app.module.ts
FNF:0
FNH:0
DA:1,0
DA:2,0
DA:3,0
DA:4,0
DA:5,0
DA:28,0
LF:6
LH:0
BRDA:15,0,0,0
BRDA:15,0,1,0
BRF:2
BRH:0
end_of_record
TN:
SF:src\infrastructure\common\seeding\seed.service.ts
FN:9,(anonymous_4)
FN:14,(anonymous_5)
FN:18,(anonymous_6)
FNF:3
FNH:0
FNDA:0,(anonymous_4)
FNDA:0,(anonymous_5)
FNDA:0,(anonymous_6)
DA:1,0
DA:2,0
DA:6,0
DA:7,0
DA:11,0
DA:15,0
DA:19,0
DA:20,0
DA:21,0
DA:22,0
DA:25,0
DA:26,0
DA:43,0
DA:44,0
DA:46,0
LF:15
LH:0
BRDA:20,0,0,0
BRF:1
BRH:0
end_of_record
TN:
SF:src\infrastructure\controllers\payment.controller.ts
FN:7,(anonymous_4)
FN:10,(anonymous_5)
FNF:2
FNH:2
FNDA:13,(anonymous_4)
FNDA:17,(anonymous_5)
DA:1,1
DA:2,1
DA:3,1
DA:6,1
DA:7,13
DA:10,1
DA:11,17
DA:13,17
DA:14,9
DA:16,8
LF:10
LH:10
BRDA:13,0,0,9
BRDA:13,0,1,8
BRF:2
BRH:2
end_of_record
TN:
SF:src\infrastructure\controllers\product.controller.ts
FN:6,(anonymous_4)
FN:12,(anonymous_5)
FNF:2
FNH:0
FNDA:0,(anonymous_4)
FNDA:0,(anonymous_5)
DA:1,0
DA:2,0
DA:5,0
DA:8,0
DA:12,0
DA:13,0
LF:6
LH:0
BRF:0
BRH:0
end_of_record
TN:
SF:src\infrastructure\controllers\web-hook.controller.ts
FN:48,(anonymous_4)
FN:63,(anonymous_5)
FN:94,(anonymous_6)
FNF:3
FNH:0
FNDA:0,(anonymous_4)
FNDA:0,(anonymous_5)
FNDA:0,(anonymous_6)
DA:1,0
DA:13,0
DA:14,0
DA:16,0
DA:17,0
DA:19,0
DA:44,0
DA:45,0
DA:49,0
DA:53,0
DA:54,0
DA:57,0
DA:58,0
DA:59,0
DA:70,0
DA:71,0
DA:72,0
DA:77,0
DA:79,0
DA:84,0
DA:89,0
DA:94,0
DA:99,0
DA:100,0
DA:102,0
DA:104,0
DA:105,0
DA:106,0
DA:110,0
DA:118,0
DA:119,0
DA:123,0
DA:126,0
DA:130,0
DA:133,0
DA:134,0
DA:136,0
DA:140,0
DA:141,0
DA:143,0
DA:147,0
DA:148,0
DA:149,0
DA:150,0
DA:151,0
DA:153,0
DA:161,0
DA:162,0
LF:48
LH:0
BRDA:57,0,0,0
BRDA:57,0,1,0
BRDA:58,1,0,0
BRDA:70,2,0,0
BRDA:104,3,0,0
BRDA:104,4,0,0
BRDA:104,4,1,0
BRDA:104,4,2,0
BRDA:118,5,0,0
BRDA:133,6,0,0
BRDA:140,7,0,0
BRDA:147,8,0,0
BRDA:147,9,0,0
BRDA:147,9,1,0
BRF:14
BRH:0
end_of_record
TN:
SF:src\infrastructure\gateways\wompi\wompi.gateway.ts
FN:68,(anonymous_2)
FN:90,(anonymous_3)
FN:115,(anonymous_4)
FN:129,(anonymous_5)
FN:194,(anonymous_6)
FN:222,(anonymous_7)
FN:253,(anonymous_8)
FN:295,(anonymous_9)
FN:324,(anonymous_10)
FN:332,(anonymous_11)
FN:369,(anonymous_12)
FN:377,(anonymous_13)
FNF:12
FNH:3
FNDA:4,(anonymous_2)
FNDA:4,(anonymous_3)
FNDA:0,(anonymous_4)
FNDA:4,(anonymous_5)
FNDA:0,(anonymous_6)
FNDA:0,(anonymous_7)
FNDA:0,(anonymous_8)
FNDA:0,(anonymous_9)
FNDA:0,(anonymous_10)
FNDA:0,(anonymous_11)
FNDA:0,(anonymous_12)
FNDA:0,(anonymous_13)
DA:1,1
DA:2,1
DA:3,1
DA:4,1
DA:5,1
DA:50,1
DA:51,4
DA:57,4
DA:60,4
DA:69,4
DA:70,4
DA:72,4
DA:73,4
DA:74,4
DA:75,4
DA:76,4
DA:78,4
DA:91,4
DA:92,0
DA:95,4
DA:96,4
DA:97,4
DA:101,0
DA:102,0
DA:103,0
DA:106,0
DA:107,0
DA:108,0
DA:110,4
DA:111,4
DA:120,0
DA:121,0
DA:123,0
DA:124,0
DA:126,0
DA:130,4
DA:132,4
DA:134,0
DA:139,0
DA:145,0
DA:159,0
DA:164,0
DA:165,0
DA:169,0
DA:175,0
DA:177,0
DA:183,0
DA:187,0
DA:195,0
DA:196,0
DA:201,0
DA:202,0
DA:206,0
DA:212,0
DA:214,0
DA:215,0
DA:227,0
DA:230,0
DA:231,0
DA:237,0
DA:242,0
DA:243,0
DA:245,0
DA:246,0
DA:259,0
DA:260,0
DA:263,0
DA:264,0
DA:266,0
DA:274,0
DA:276,0
DA:277,0
DA:279,0
DA:280,0
DA:282,0
DA:285,0
DA:287,0
DA:288,0
DA:296,0
DA:301,0
DA:303,0
DA:305,0
DA:307,0
DA:309,0
DA:311,0
DA:313,0
DA:315,0
DA:317,0
DA:325,0
DA:333,0
DA:334,0
DA:339,0
DA:341,0
DA:349,0
DA:350,0
DA:354,0
DA:359,0
DA:361,0
DA:362,0
DA:370,0
DA:371,0
DA:381,0
LF:102
LH:25
BRDA:72,0,0,4
BRDA:72,0,1,0
BRDA:73,1,0,4
BRDA:73,1,1,0
BRDA:74,2,0,4
BRDA:74,2,1,0
BRDA:75,3,0,4
BRDA:75,3,1,0
BRDA:76,4,0,4
BRDA:76,4,1,0
BRDA:91,5,0,0
BRDA:102,6,0,0
BRDA:102,7,0,0
BRDA:102,7,1,0
BRDA:110,8,0,4
BRDA:110,8,1,4
BRDA:183,9,0,0
BRDA:183,9,1,0
BRDA:242,10,0,0
BRDA:242,10,1,0
BRDA:259,11,0,0
BRDA:274,12,0,0
BRDA:274,12,1,0
BRDA:274,12,2,0
BRDA:301,13,0,0
BRDA:301,13,1,0
BRDA:301,13,2,0
BRDA:301,13,3,0
BRDA:339,14,0,0
BRDA:339,14,1,0
BRDA:354,15,0,0
BRDA:354,15,1,0
BRF:32
BRH:7
end_of_record
TN:
SF:src\infrastructure\gateways\wompi\wompi.module.ts
FNF:0
FNH:0
DA:1,0
DA:2,0
DA:3,0
DA:4,0
DA:5,0
DA:16,0
LF:6
LH:0
BRF:0
BRH:0
end_of_record
TN:
SF:src\infrastructure\payment\payment.module.ts
FNF:0
FNH:0
DA:1,0
DA:2,0
DA:3,0
DA:4,0
DA:5,0
DA:6,0
DA:7,0
DA:8,0
DA:9,0
DA:10,0
DA:11,0
DA:26,0
LF:12
LH:0
BRF:0
BRH:0
end_of_record
TN:
SF:src\infrastructure\persistence\postgres\entities\product.orm-entity.ts
FNF:0
FNH:0
DA:1,1
DA:4,1
DA:6,1
DA:9,1
DA:12,1
DA:15,1
DA:18,1
DA:21,1
LF:8
LH:8
BRF:0
BRH:0
end_of_record
TN:
SF:src\infrastructure\persistence\postgres\entities\transaction.orm-entity.ts
FNF:0
FNH:0
DA:1,1
DA:4,1
DA:6,1
DA:9,1
DA:12,1
DA:15,1
DA:18,1
DA:21,1
DA:24,1
DA:27,1
DA:30,1
LF:11
LH:11
BRF:0
BRH:0
end_of_record
TN:
SF:src\infrastructure\persistence\postgres\repositories\product.repository.ts
FN:10,(anonymous_4)
FN:15,(anonymous_5)
FN:22,(anonymous_6)
FN:27,(anonymous_7)
FN:29,(anonymous_8)
FN:32,(anonymous_9)
FN:42,(anonymous_10)
FNF:7
FNH:7
FNDA:1,(anonymous_4)
FNDA:12,(anonymous_5)
FNDA:5,(anonymous_6)
FNDA:2,(anonymous_7)
FNDA:2,(anonymous_8)
FNDA:4,(anonymous_9)
FNDA:2,(anonymous_10)
DA:1,1
DA:2,1
DA:3,1
DA:5,1
DA:6,1
DA:9,1
DA:12,1
DA:16,12
DA:17,11
DA:18,11
DA:19,11
DA:23,5
DA:24,5
DA:28,2
DA:29,2
DA:33,4
DA:34,4
DA:36,3
DA:37,3
DA:38,2
DA:39,2
DA:43,2
DA:44,2
DA:45,2
LF:24
LH:24
BRDA:16,0,0,1
BRDA:34,1,0,1
BRF:2
BRH:2
end_of_record
TN:
SF:src\infrastructure\persistence\postgres\repositories\transaction.repository.ts
FN:10,(anonymous_4)
FN:15,(anonymous_5)
FN:23,(anonymous_6)
FN:29,(anonymous_7)
FN:34,(anonymous_8)
FN:65,(anonymous_9)
FNF:6
FNH:6
FNDA:1,(anonymous_4)
FNDA:17,(anonymous_5)
FNDA:7,(anonymous_6)
FNDA:4,(anonymous_7)
FNDA:5,(anonymous_8)
FNDA:2,(anonymous_9)
DA:1,1
DA:2,1
DA:3,1
DA:5,1
DA:6,1
DA:9,1
DA:12,1
DA:16,17
DA:17,15
DA:18,15
DA:19,15
DA:20,15
DA:24,7
DA:25,7
DA:26,7
DA:30,4
DA:31,4
DA:41,5
DA:42,5
DA:43,0
DA:45,5
DA:48,0
DA:51,5
DA:53,5
DA:54,1
DA:57,4
DA:58,4
DA:60,0
DA:62,4
DA:66,2
DA:67,2
LF:31
LH:28
BRDA:16,0,0,2
BRDA:25,1,0,0
BRDA:42,2,0,0
BRDA:45,3,0,0
BRDA:53,4,0,1
BRDA:58,5,0,0
BRF:6
BRH:2
end_of_record
TN:
SF:src\infrastructure\product\product.module.ts
FNF:0
FNH:0
DA:1,0
DA:2,0
DA:3,0
DA:4,0
DA:5,0
DA:6,0
DA:7,0
DA:21,0
LF:8
LH:0
BRF:0
BRH:0
end_of_record
