TN:
SF:src\app.controller.ts
FN:6,(anonymous_2)
FN:9,(anonymous_3)
FNF:2
FNH:2
FNDA:1,(anonymous_2)
FNDA:1,(anonymous_3)
DA:1,1
DA:2,1
DA:5,1
DA:6,1
DA:9,1
DA:10,1
LF:6
LH:6
BRF:0
BRH:0
end_of_record
TN:
SF:src\app.service.ts
FN:5,(anonymous_1)
FNF:1
FNH:1
FNDA:1,(anonymous_1)
DA:1,1
DA:4,1
DA:6,1
LF:3
LH:3
BRF:0
BRH:0
end_of_record
TN:
SF:src\main.ts
FN:6,bootstrap
FNF:1
FNH:0
FNDA:0,bootstrap
DA:1,0
DA:2,0
DA:3,0
DA:4,0
DA:7,0
DA:12,0
DA:15,0
DA:18,0
DA:23,0
DA:24,0
DA:34,0
DA:36,0
LF:12
LH:0
BRF:0
BRH:0
end_of_record
TN:
SF:src\application\dtos\create-customer.dto.ts
FN:39,(anonymous_2)
FNF:1
FNH:0
FNDA:0,(anonymous_2)
DA:1,0
DA:2,0
DA:4,0
DA:7,0
DA:11,0
DA:15,0
DA:19,0
DA:23,0
DA:26,0
DA:29,0
DA:32,0
DA:36,0
DA:39,0
DA:40,0
LF:14
LH:0
BRF:0
BRH:0
end_of_record
TN:
SF:src\application\dtos\create-delivery.dto.ts
FN:50,(anonymous_2)
FNF:1
FNH:0
FNDA:0,(anonymous_2)
DA:1,0
DA:2,0
DA:4,0
DA:7,0
DA:11,0
DA:15,0
DA:19,0
DA:23,0
DA:26,0
DA:29,0
DA:33,0
DA:36,0
DA:40,0
DA:43,0
DA:47,0
DA:50,0
DA:51,0
DA:55,0
LF:18
LH:0
BRF:0
BRH:0
end_of_record
TN:
SF:src\application\dtos\create-payment.dto.ts
FN:72,(anonymous_2)
FN:88,(anonymous_3)
FNF:2
FNH:0
FNDA:0,(anonymous_2)
FNDA:0,(anonymous_3)
DA:1,2
DA:2,2
DA:3,2
DA:8,2
DA:11,2
DA:15,2
DA:21,2
DA:25,2
DA:29,2
DA:33,2
DA:37,2
DA:40,2
DA:43,2
DA:47,2
DA:51,2
DA:56,2
DA:60,2
DA:72,0
DA:73,2
DA:88,0
DA:89,2
LF:21
LH:19
BRF:0
BRH:0
end_of_record
TN:
SF:src\application\dtos\domain\gateways\IWompi.gateway.ts
FNF:0
FNH:0
DA:18,0
LF:1
LH:0
BRF:0
BRH:0
end_of_record
TN:
SF:src\application\use-cases\get-transaction-status.usecase.ts
FN:30,(anonymous_4)
FN:36,(anonymous_5)
FN:42,(anonymous_6)
FN:49,(anonymous_7)
FN:55,(anonymous_8)
FNF:5
FNH:0
FNDA:0,(anonymous_4)
FNDA:0,(anonymous_5)
FNDA:0,(anonymous_6)
FNDA:0,(anonymous_7)
FNDA:0,(anonymous_8)
DA:1,2
DA:2,2
DA:3,2
DA:29,2
DA:31,0
DA:32,0
DA:33,0
DA:39,0
DA:43,0
DA:48,2
DA:50,0
DA:52,0
DA:58,0
DA:60,0
DA:65,0
DA:67,0
DA:69,0
DA:86,0
DA:88,0
LF:19
LH:5
BRDA:75,0,0,0
BRDA:75,0,1,0
BRDA:78,1,0,0
BRDA:78,1,1,0
BRDA:81,2,0,0
BRDA:81,2,1,0
BRF:6
BRH:0
end_of_record
TN:
SF:src\application\use-cases\process-payment-with-stock-update.usecase.ts
FN:22,(anonymous_4)
FN:28,(anonymous_5)
FN:32,(anonymous_6)
FN:39,(anonymous_7)
FN:47,(anonymous_8)
FN:193,(anonymous_9)
FN:194,(anonymous_10)
FNF:7
FNH:0
FNDA:0,(anonymous_4)
FNDA:0,(anonymous_5)
FNDA:0,(anonymous_6)
FNDA:0,(anonymous_7)
FNDA:0,(anonymous_8)
FNDA:0,(anonymous_9)
FNDA:0,(anonymous_10)
DA:1,1
DA:2,1
DA:3,1
DA:4,1
DA:5,1
DA:6,1
DA:21,1
DA:23,0
DA:24,0
DA:25,0
DA:29,0
DA:33,0
DA:38,1
DA:40,0
DA:41,0
DA:42,0
DA:43,0
DA:44,0
DA:48,0
DA:50,0
DA:51,0
DA:52,0
DA:55,0
DA:56,0
DA:60,0
DA:61,0
DA:62,0
DA:77,0
DA:86,0
DA:87,0
DA:88,0
DA:105,0
DA:118,0
DA:124,0
DA:126,0
DA:129,0
DA:134,0
DA:137,0
DA:138,0
DA:139,0
DA:142,0
DA:150,0
DA:152,0
DA:153,0
DA:155,0
DA:156,0
DA:157,0
DA:158,0
DA:159,0
DA:160,0
DA:161,0
DA:162,0
DA:163,0
DA:164,0
DA:165,0
DA:166,0
DA:167,0
DA:168,0
DA:169,0
DA:170,0
DA:175,0
DA:176,0
DA:177,0
DA:189,0
DA:194,0
LF:65
LH:8
BRDA:51,0,0,0
BRDA:55,1,0,0
BRDA:61,2,0,0
BRDA:61,3,0,0
BRDA:61,3,1,0
BRDA:87,4,0,0
BRDA:87,5,0,0
BRDA:87,5,1,0
BRDA:137,6,0,0
BRDA:152,7,0,0
BRDA:155,8,0,0
BRDA:155,8,1,0
BRDA:155,9,0,0
BRDA:155,9,1,0
BRDA:157,10,0,0
BRDA:157,10,1,0
BRDA:157,11,0,0
BRDA:157,11,1,0
BRDA:159,12,0,0
BRDA:159,12,1,0
BRDA:159,13,0,0
BRDA:159,13,1,0
BRDA:161,14,0,0
BRDA:161,14,1,0
BRDA:161,15,0,0
BRDA:161,15,1,0
BRDA:163,16,0,0
BRDA:163,16,1,0
BRDA:163,17,0,0
BRDA:163,17,1,0
BRDA:165,18,0,0
BRDA:165,18,1,0
BRDA:165,19,0,0
BRDA:165,19,1,0
BRDA:167,20,0,0
BRDA:167,20,1,0
BRDA:167,21,0,0
BRDA:167,21,1,0
BRDA:169,22,0,0
BRDA:169,23,0,0
BRDA:169,23,1,0
BRDA:175,24,0,0
BRF:42
BRH:0
end_of_record
TN:
SF:src\application\use-cases\process-payment.usecase.ts
FN:21,(anonymous_4)
FN:29,(anonymous_5)
FNF:2
FNH:2
FNDA:13,(anonymous_4)
FNDA:12,(anonymous_5)
DA:1,2
DA:2,2
DA:3,2
DA:4,2
DA:13,2
DA:20,2
DA:23,13
DA:25,13
DA:26,13
DA:30,12
DA:31,12
DA:32,1
DA:33,11
DA:34,1
DA:36,10
DA:37,10
DA:46,10
DA:47,10
DA:59,1
DA:60,1
DA:64,9
DA:65,9
DA:70,9
DA:71,7
DA:74,9
LF:25
LH:25
BRDA:31,0,0,1
BRDA:33,1,0,1
BRDA:64,2,0,7
BRDA:64,2,1,2
BRDA:70,3,0,7
BRF:5
BRH:5
end_of_record
TN:
SF:src\application\use-cases\customer\create-customer.usecase.ts
FN:10,(anonymous_4)
FN:16,(anonymous_5)
FN:20,(anonymous_6)
FN:27,(anonymous_7)
FN:31,(anonymous_8)
FNF:5
FNH:5
FNDA:2,(anonymous_4)
FNDA:1,(anonymous_5)
FNDA:1,(anonymous_6)
FNDA:2,(anonymous_7)
FNDA:2,(anonymous_8)
DA:1,2
DA:2,2
DA:9,2
DA:11,2
DA:12,2
DA:13,2
DA:17,1
DA:21,1
DA:26,2
DA:28,2
DA:32,2
DA:33,2
DA:34,1
DA:36,1
LF:14
LH:14
BRF:0
BRH:0
end_of_record
TN:
SF:src\application\use-cases\customer\delete-customer.usecase.ts
FN:13,(anonymous_4)
FN:19,(anonymous_5)
FN:23,(anonymous_6)
FN:30,(anonymous_7)
FN:34,(anonymous_8)
FNF:5
FNH:5
FNDA:2,(anonymous_4)
FNDA:1,(anonymous_5)
FNDA:1,(anonymous_6)
FNDA:2,(anonymous_7)
FNDA:2,(anonymous_8)
DA:1,2
DA:2,2
DA:12,2
DA:14,2
DA:15,2
DA:16,2
DA:20,1
DA:24,1
DA:29,2
DA:31,2
DA:35,2
DA:36,2
DA:37,1
DA:39,1
LF:14
LH:14
BRF:0
BRH:0
end_of_record
TN:
SF:src\application\use-cases\customer\get-all-customers.usecase.ts
FN:10,(anonymous_4)
FN:16,(anonymous_5)
FN:20,(anonymous_6)
FN:27,(anonymous_7)
FN:31,(anonymous_8)
FNF:5
FNH:5
FNDA:2,(anonymous_4)
FNDA:1,(anonymous_5)
FNDA:1,(anonymous_6)
FNDA:2,(anonymous_7)
FNDA:2,(anonymous_8)
DA:1,2
DA:2,2
DA:9,2
DA:11,2
DA:12,2
DA:13,2
DA:17,1
DA:21,1
DA:26,2
DA:28,2
DA:32,2
DA:33,2
DA:34,1
DA:36,1
LF:14
LH:14
BRF:0
BRH:0
end_of_record
TN:
SF:src\application\use-cases\customer\get-customer-by-id.usecase.ts
FN:12,(anonymous_4)
FN:18,(anonymous_5)
FN:22,(anonymous_6)
FN:29,(anonymous_7)
FN:33,(anonymous_8)
FNF:5
FNH:5
FNDA:3,(anonymous_4)
FNDA:1,(anonymous_5)
FNDA:2,(anonymous_6)
FNDA:3,(anonymous_7)
FNDA:3,(anonymous_8)
DA:1,2
DA:2,2
DA:11,2
DA:13,3
DA:14,3
DA:15,3
DA:19,1
DA:23,2
DA:28,2
DA:30,3
DA:34,3
DA:35,3
DA:36,2
DA:37,1
DA:39,1
DA:41,1
LF:16
LH:16
BRDA:36,0,0,1
BRF:1
BRH:1
end_of_record
TN:
SF:src\application\use-cases\customer\update-customer.usecase.ts
FN:13,(anonymous_4)
FN:19,(anonymous_5)
FN:23,(anonymous_6)
FN:30,(anonymous_7)
FN:34,(anonymous_8)
FNF:5
FNH:5
FNDA:3,(anonymous_4)
FNDA:1,(anonymous_5)
FNDA:2,(anonymous_6)
FNDA:3,(anonymous_7)
FNDA:3,(anonymous_8)
DA:1,2
DA:2,2
DA:12,2
DA:14,3
DA:15,3
DA:16,3
DA:20,1
DA:24,2
DA:29,2
DA:31,3
DA:35,3
DA:36,3
DA:37,2
DA:38,1
DA:40,1
DA:42,1
LF:16
LH:16
BRDA:37,0,0,1
BRF:1
BRH:1
end_of_record
TN:
SF:src\application\use-cases\delivery\create-delivery.usecase.ts
FN:10,(anonymous_4)
FN:16,(anonymous_5)
FN:20,(anonymous_6)
FN:27,(anonymous_7)
FN:31,(anonymous_8)
FNF:5
FNH:5
FNDA:2,(anonymous_4)
FNDA:1,(anonymous_5)
FNDA:1,(anonymous_6)
FNDA:2,(anonymous_7)
FNDA:2,(anonymous_8)
DA:1,2
DA:2,2
DA:9,2
DA:11,2
DA:12,2
DA:13,2
DA:17,1
DA:21,1
DA:26,2
DA:28,2
DA:32,2
DA:33,2
DA:34,1
DA:36,1
LF:14
LH:14
BRF:0
BRH:0
end_of_record
TN:
SF:src\application\use-cases\delivery\delete-delivery.usecase.ts
FN:13,(anonymous_4)
FN:19,(anonymous_5)
FN:23,(anonymous_6)
FN:30,(anonymous_7)
FN:34,(anonymous_8)
FNF:5
FNH:5
FNDA:2,(anonymous_4)
FNDA:1,(anonymous_5)
FNDA:1,(anonymous_6)
FNDA:2,(anonymous_7)
FNDA:2,(anonymous_8)
DA:1,2
DA:2,2
DA:12,2
DA:14,2
DA:15,2
DA:16,2
DA:20,1
DA:24,1
DA:29,2
DA:31,2
DA:35,2
DA:36,2
DA:37,1
DA:39,1
LF:14
LH:14
BRF:0
BRH:0
end_of_record
TN:
SF:src\application\use-cases\delivery\get-all-deliveries.usecase.ts
FN:10,(anonymous_4)
FN:16,(anonymous_5)
FN:20,(anonymous_6)
FN:27,(anonymous_7)
FN:31,(anonymous_8)
FNF:5
FNH:5
FNDA:2,(anonymous_4)
FNDA:1,(anonymous_5)
FNDA:1,(anonymous_6)
FNDA:2,(anonymous_7)
FNDA:2,(anonymous_8)
DA:1,2
DA:2,2
DA:9,2
DA:11,2
DA:12,2
DA:13,2
DA:17,1
DA:21,1
DA:26,2
DA:28,2
DA:32,2
DA:33,2
DA:34,1
DA:36,1
LF:14
LH:14
BRF:0
BRH:0
end_of_record
TN:
SF:src\application\use-cases\delivery\get-delivery-by-id.usecase.ts
FN:12,(anonymous_4)
FN:18,(anonymous_5)
FN:22,(anonymous_6)
FN:29,(anonymous_7)
FN:33,(anonymous_8)
FNF:5
FNH:5
FNDA:3,(anonymous_4)
FNDA:1,(anonymous_5)
FNDA:2,(anonymous_6)
FNDA:3,(anonymous_7)
FNDA:3,(anonymous_8)
DA:1,2
DA:2,2
DA:11,2
DA:13,3
DA:14,3
DA:15,3
DA:19,1
DA:23,2
DA:28,2
DA:30,3
DA:34,3
DA:35,3
DA:36,2
DA:37,1
DA:39,1
DA:41,1
LF:16
LH:16
BRDA:36,0,0,1
BRF:1
BRH:1
end_of_record
TN:
SF:src\application\use-cases\delivery\update-delivery.usecase.ts
FN:13,(anonymous_4)
FN:19,(anonymous_5)
FN:23,(anonymous_6)
FN:30,(anonymous_7)
FN:34,(anonymous_8)
FNF:5
FNH:5
FNDA:3,(anonymous_4)
FNDA:1,(anonymous_5)
FNDA:2,(anonymous_6)
FNDA:3,(anonymous_7)
FNDA:3,(anonymous_8)
DA:1,2
DA:2,2
DA:12,2
DA:14,3
DA:15,3
DA:16,3
DA:20,1
DA:24,2
DA:29,2
DA:31,3
DA:35,3
DA:36,3
DA:37,2
DA:38,1
DA:40,1
DA:42,1
LF:16
LH:16
BRDA:37,0,0,1
BRF:1
BRH:1
end_of_record
TN:
SF:src\common\decorators\public.decorator.ts
FN:5,(anonymous_0)
FNF:1
FNH:0
FNDA:0,(anonymous_0)
DA:2,0
DA:4,0
DA:5,0
LF:3
LH:0
BRF:0
BRH:0
end_of_record
TN:
SF:src\domain\entities\customer.entity.ts
FNF:0
FNH:0
DA:1,0
LF:1
LH:0
BRF:0
BRH:0
end_of_record
TN:
SF:src\domain\entities\transaction.entity.ts
FNF:0
FNH:0
DA:5,1
LF:1
LH:1
BRF:0
BRH:0
end_of_record
TN:
SF:src\domain\entities\domain\entities\product.entity.ts
FN:16,(anonymous_0)
FN:25,(anonymous_1)
FNF:2
FNH:2
FNDA:19,(anonymous_0)
FNDA:9,(anonymous_1)
DA:1,1
DA:17,19
DA:26,9
DA:27,5
DA:29,4
LF:5
LH:5
BRDA:26,0,0,5
BRF:1
BRH:1
end_of_record
TN:
SF:src\domain\entities\domain\entities\transaction.entity.ts
FNF:0
FNH:0
DA:5,0
LF:1
LH:0
BRF:0
BRH:0
end_of_record
TN:
SF:src\domain\gateways\IWompi.gateway.ts
FNF:0
FNH:0
DA:27,3
LF:1
LH:1
BRF:0
BRH:0
end_of_record
TN:
SF:src\domain\repositories\ICustomer.repository.ts
FNF:0
FNH:0
DA:3,7
LF:1
LH:1
BRF:0
BRH:0
end_of_record
TN:
SF:src\domain\repositories\IDelivery.repository.ts
FNF:0
FNH:0
DA:3,7
LF:1
LH:1
BRF:0
BRH:0
end_of_record
TN:
SF:src\domain\repositories\IProduct.repository.ts
FNF:0
FNH:0
DA:3,5
LF:1
LH:1
BRF:0
BRH:0
end_of_record
TN:
SF:src\domain\repositories\ITransaction.repository.ts
FNF:0
FNH:0
DA:7,4
LF:1
LH:1
BRF:0
BRH:0
end_of_record
TN:
SF:src\domain\repositories\infrastructure\persistence\postgres\entities\transaction.orm-entity.ts
FNF:0
FNH:0
DA:1,0
DA:9,0
DA:11,0
DA:14,0
DA:17,0
DA:20,0
DA:23,0
DA:26,0
DA:29,0
LF:9
LH:0
BRF:0
BRH:0
end_of_record
TN:
SF:src\infrastructure\app.module.ts
FNF:0
FNH:0
DA:1,0
DA:2,0
DA:3,0
DA:4,0
DA:5,0
DA:6,0
DA:7,0
DA:8,0
DA:9,0
DA:34,0
LF:10
LH:0
BRDA:19,0,0,0
BRDA:19,0,1,0
BRF:2
BRH:0
end_of_record
TN:
SF:src\infrastructure\common\seeding\seed.controller.ts
FN:6,(anonymous_2)
FN:9,(anonymous_3)
FNF:2
FNH:0
FNDA:0,(anonymous_2)
FNDA:0,(anonymous_3)
DA:1,0
DA:2,0
DA:5,0
DA:6,0
DA:9,0
DA:10,0
DA:11,0
LF:7
LH:0
BRF:0
BRH:0
end_of_record
TN:
SF:src\infrastructure\common\seeding\seed.service.ts
FN:7,(anonymous_4)
FN:11,(anonymous_5)
FNF:2
FNH:0
FNDA:0,(anonymous_4)
FNDA:0,(anonymous_5)
DA:1,0
DA:2,0
DA:6,0
DA:8,0
DA:12,0
DA:55,0
DA:56,0
LF:7
LH:0
BRF:0
BRH:0
end_of_record
TN:
SF:src\infrastructure\controllers\customer.controller.ts
FN:14,(anonymous_4)
FN:23,(anonymous_5)
FN:34,(anonymous_6)
FN:46,(anonymous_7)
FN:55,(anonymous_8)
FN:64,(anonymous_9)
FNF:6
FNH:6
FNDA:1,(anonymous_4)
FNDA:1,(anonymous_5)
FNDA:1,(anonymous_6)
FNDA:2,(anonymous_7)
FNDA:1,(anonymous_8)
FNDA:1,(anonymous_9)
DA:1,1
DA:2,1
DA:3,1
DA:4,1
DA:5,1
DA:6,1
DA:9,1
DA:13,1
DA:15,1
DA:16,1
DA:17,1
DA:18,1
DA:19,1
DA:23,1
DA:24,1
DA:25,1
DA:26,0
DA:28,1
DA:34,1
DA:35,1
DA:36,1
DA:37,0
DA:39,1
DA:46,1
DA:47,2
DA:48,2
DA:49,1
DA:51,1
DA:55,1
DA:56,1
DA:57,1
DA:58,0
DA:60,1
DA:64,1
DA:65,1
DA:66,1
DA:67,0
DA:69,1
LF:38
LH:34
BRDA:25,0,0,0
BRDA:26,1,0,0
BRDA:26,1,1,0
BRDA:36,2,0,0
BRDA:37,3,0,0
BRDA:37,3,1,0
BRDA:48,4,0,1
BRDA:49,5,0,1
BRDA:49,5,1,0
BRDA:57,6,0,0
BRDA:58,7,0,0
BRDA:58,7,1,0
BRDA:66,8,0,0
BRDA:67,9,0,0
BRDA:67,9,1,0
BRF:15
BRH:2
end_of_record
TN:
SF:src\infrastructure\controllers\delivery.controller.ts
FN:14,(anonymous_4)
FN:23,(anonymous_5)
FN:34,(anonymous_6)
FN:46,(anonymous_7)
FN:55,(anonymous_8)
FN:64,(anonymous_9)
FNF:6
FNH:6
FNDA:1,(anonymous_4)
FNDA:1,(anonymous_5)
FNDA:1,(anonymous_6)
FNDA:2,(anonymous_7)
FNDA:1,(anonymous_8)
FNDA:1,(anonymous_9)
DA:1,1
DA:2,1
DA:3,1
DA:4,1
DA:5,1
DA:6,1
DA:9,1
DA:13,1
DA:15,1
DA:16,1
DA:17,1
DA:18,1
DA:19,1
DA:23,1
DA:24,1
DA:25,1
DA:26,0
DA:28,1
DA:34,1
DA:35,1
DA:36,1
DA:37,0
DA:39,1
DA:46,1
DA:47,2
DA:48,2
DA:49,1
DA:51,1
DA:55,1
DA:56,1
DA:57,1
DA:58,0
DA:60,1
DA:64,1
DA:65,1
DA:66,1
DA:67,0
DA:69,1
LF:38
LH:34
BRDA:25,0,0,0
BRDA:26,1,0,0
BRDA:26,1,1,0
BRDA:36,2,0,0
BRDA:37,3,0,0
BRDA:37,3,1,0
BRDA:48,4,0,1
BRDA:49,5,0,1
BRDA:49,5,1,0
BRDA:57,6,0,0
BRDA:58,7,0,0
BRDA:58,7,1,0
BRDA:66,8,0,0
BRDA:67,9,0,0
BRDA:67,9,1,0
BRF:15
BRH:2
end_of_record
TN:
SF:src\infrastructure\controllers\payment-with-stock.controller.ts
FN:29,(anonymous_4)
FN:38,(anonymous_5)
FNF:2
FNH:2
FNDA:1,(anonymous_4)
FNDA:1,(anonymous_5)
DA:1,1
DA:2,1
DA:3,1
DA:4,1
DA:28,1
DA:30,1
DA:38,1
DA:39,1
DA:40,1
DA:42,1
DA:43,1
DA:49,0
DA:50,0
DA:61,0
DA:62,0
DA:66,0
DA:67,0
DA:69,0
DA:70,0
DA:72,0
DA:73,0
DA:74,0
DA:75,0
DA:76,0
DA:77,0
DA:78,0
DA:79,0
DA:80,0
DA:81,0
DA:82,0
DA:83,0
DA:84,0
DA:85,0
DA:86,0
DA:87,0
DA:88,0
DA:89,0
DA:90,0
DA:91,0
DA:92,0
DA:93,0
DA:94,0
DA:95,0
DA:99,0
LF:44
LH:11
BRDA:42,0,0,1
BRDA:42,0,1,0
BRDA:53,1,0,0
BRDA:53,1,1,0
BRDA:61,2,0,0
BRDA:69,3,0,0
BRDA:72,4,0,0
BRDA:72,4,1,0
BRDA:75,5,0,0
BRDA:75,5,1,0
BRDA:78,6,0,0
BRDA:78,6,1,0
BRDA:81,7,0,0
BRDA:81,7,1,0
BRDA:84,8,0,0
BRDA:84,8,1,0
BRDA:87,9,0,0
BRDA:87,9,1,0
BRDA:90,10,0,0
BRDA:90,10,1,0
BRDA:93,11,0,0
BRF:21
BRH:1
end_of_record
TN:
SF:src\infrastructure\controllers\payment.controller.ts
FN:16,(anonymous_4)
FN:22,(anonymous_5)
FN:33,(anonymous_6)
FNF:3
FNH:3
FNDA:16,(anonymous_4)
FNDA:13,(anonymous_5)
FNDA:2,(anonymous_6)
DA:1,1
DA:10,1
DA:11,1
DA:12,1
DA:15,1
DA:17,16
DA:18,16
DA:22,1
DA:23,13
DA:25,13
DA:26,9
DA:28,4
DA:33,1
DA:34,2
DA:38,2
DA:39,1
DA:41,1
LF:17
LH:17
BRDA:25,0,0,9
BRDA:25,0,1,4
BRDA:38,1,0,1
BRDA:38,1,1,1
BRDA:42,2,0,1
BRDA:42,2,1,0
BRF:6
BRH:5
end_of_record
TN:
SF:src\infrastructure\controllers\product.controller.ts
FN:8,(anonymous_4)
FN:16,(anonymous_5)
FN:24,(anonymous_6)
FN:31,(anonymous_7)
FNF:4
FNH:4
FNDA:1,(anonymous_4)
FNDA:1,(anonymous_5)
FNDA:2,(anonymous_6)
FNDA:1,(anonymous_7)
DA:1,1
DA:2,1
DA:3,1
DA:7,1
DA:10,1
DA:16,1
DA:17,1
DA:24,1
DA:25,2
DA:31,1
DA:32,1
LF:11
LH:11
BRF:0
BRH:0
end_of_record
TN:
SF:src\infrastructure\controllers\web-hook.controller.ts
FN:47,(anonymous_4)
FN:67,(anonymous_5)
FN:100,(anonymous_6)
FN:203,(anonymous_7)
FNF:4
FNH:3
FNDA:1,(anonymous_4)
FNDA:1,(anonymous_5)
FNDA:1,(anonymous_6)
FNDA:0,(anonymous_7)
DA:1,1
DA:12,1
DA:13,1
DA:14,1
DA:15,1
DA:17,1
DA:18,1
DA:43,1
DA:44,1
DA:48,1
DA:53,1
DA:55,1
DA:56,1
DA:58,1
DA:60,1
DA:61,0
DA:74,1
DA:75,0
DA:78,0
DA:83,1
DA:85,1
DA:90,1
DA:95,1
DA:100,1
DA:105,1
DA:106,1
DA:111,1
DA:113,1
DA:114,0
DA:115,0
DA:119,1
DA:127,1
DA:128,1
DA:134,1
DA:137,0
DA:143,0
DA:148,0
DA:149,0
DA:153,0
DA:160,0
DA:161,0
DA:165,0
DA:172,0
DA:176,0
DA:179,0
DA:180,0
DA:181,0
DA:185,0
DA:196,0
DA:199,0
DA:203,1
DA:208,0
DA:209,0
DA:215,0
DA:217,0
LF:55
LH:30
BRDA:59,0,0,1
BRDA:59,0,1,0
BRDA:60,1,0,0
BRDA:74,2,0,0
BRDA:113,3,0,0
BRDA:113,4,0,1
BRDA:113,4,1,1
BRDA:113,4,2,1
BRDA:127,5,0,1
BRDA:148,6,0,0
BRDA:160,7,0,0
BRDA:172,8,0,0
BRDA:173,9,0,0
BRDA:173,9,1,0
BRF:14
BRH:5
end_of_record
TN:
SF:src\infrastructure\customer\customer.module.ts
FNF:0
FNH:0
DA:1,0
DA:2,0
DA:3,0
DA:4,0
DA:5,0
DA:6,0
DA:7,0
DA:8,0
DA:9,0
DA:10,0
DA:11,0
DA:29,0
LF:12
LH:0
BRF:0
BRH:0
end_of_record
TN:
SF:src\infrastructure\delivery\delivery.module.ts
FNF:0
FNH:0
DA:1,0
DA:2,0
DA:3,0
DA:4,0
DA:5,0
DA:6,0
DA:7,0
DA:8,0
DA:9,0
DA:10,0
DA:11,0
DA:29,0
LF:12
LH:0
BRF:0
BRH:0
end_of_record
TN:
SF:src\infrastructure\gateways\wompi\wompi.gateway.ts
FN:75,(anonymous_2)
FN:110,(anonymous_3)
FN:136,(anonymous_4)
FN:155,(anonymous_5)
FN:224,(anonymous_6)
FN:245,(anonymous_7)
FN:278,(anonymous_8)
FN:320,(anonymous_9)
FN:361,(anonymous_10)
FN:373,(anonymous_11)
FN:423,(anonymous_12)
FN:431,(anonymous_13)
FNF:12
FNH:4
FNDA:11,(anonymous_2)
FNDA:0,(anonymous_3)
FNDA:4,(anonymous_4)
FNDA:4,(anonymous_5)
FNDA:7,(anonymous_6)
FNDA:0,(anonymous_7)
FNDA:0,(anonymous_8)
FNDA:0,(anonymous_9)
FNDA:0,(anonymous_10)
FNDA:0,(anonymous_11)
FNDA:0,(anonymous_12)
FNDA:0,(anonymous_13)
DA:1,2
DA:2,2
DA:3,2
DA:4,2
DA:5,2
DA:12,2
DA:56,2
DA:57,11
DA:63,11
DA:67,11
DA:76,11
DA:77,11
DA:79,11
DA:81,11
DA:83,11
DA:85,11
DA:87,11
DA:90,11
DA:98,11
DA:111,0
DA:112,0
DA:115,0
DA:116,0
DA:117,0
DA:119,0
DA:120,0
DA:121,0
DA:124,0
DA:125,0
DA:126,0
DA:128,0
DA:132,0
DA:141,4
DA:142,4
DA:147,4
DA:150,4
DA:152,4
DA:156,4
DA:158,4
DA:160,4
DA:165,4
DA:171,4
DA:185,4
DA:190,4
DA:191,4
DA:199,3
DA:205,2
DA:207,2
DA:213,2
DA:217,2
DA:227,7
DA:228,7
DA:229,7
DA:230,4
DA:232,3
DA:236,3
DA:250,0
DA:253,0
DA:254,0
DA:260,0
DA:265,0
DA:268,0
DA:270,0
DA:271,0
DA:284,0
DA:285,0
DA:288,0
DA:289,0
DA:291,0
DA:299,0
DA:301,0
DA:302,0
DA:304,0
DA:305,0
DA:307,0
DA:310,0
DA:312,0
DA:313,0
DA:323,0
DA:330,0
DA:332,0
DA:336,0
DA:338,0
DA:342,0
DA:344,0
DA:348,0
DA:350,0
DA:354,0
DA:364,0
DA:377,0
DA:378,0
DA:383,0
DA:387,0
DA:395,0
DA:396,0
DA:402,0
DA:410,0
DA:412,0
DA:416,0
DA:424,0
DA:425,0
DA:435,0
LF:102
LH:43
BRDA:80,0,0,11
BRDA:80,0,1,0
BRDA:82,1,0,11
BRDA:82,1,1,0
BRDA:84,2,0,11
BRDA:84,2,1,0
BRDA:86,3,0,11
BRDA:86,3,1,0
BRDA:88,4,0,11
BRDA:88,4,1,0
BRDA:111,5,0,0
BRDA:120,6,0,0
BRDA:120,7,0,0
BRDA:120,7,1,0
BRDA:130,8,0,0
BRDA:130,8,1,0
BRDA:213,9,0,0
BRDA:213,9,1,2
BRDA:234,10,0,3
BRDA:234,10,1,2
BRDA:266,11,0,0
BRDA:266,11,1,0
BRDA:284,12,0,0
BRDA:299,13,0,0
BRDA:299,13,1,0
BRDA:299,13,2,0
BRDA:330,14,0,0
BRDA:330,14,1,0
BRDA:330,14,2,0
BRDA:330,14,3,0
BRDA:383,15,0,0
BRDA:383,15,1,0
BRDA:403,16,0,0
BRDA:403,16,1,0
BRF:34
BRH:8
end_of_record
TN:
SF:src\infrastructure\gateways\wompi\wompi.module.ts
FNF:0
FNH:0
DA:1,0
DA:2,0
DA:3,0
DA:4,0
DA:5,0
DA:13,0
LF:6
LH:0
BRF:0
BRH:0
end_of_record
TN:
SF:src\infrastructure\payment\payment.module.ts
FNF:0
FNH:0
DA:1,0
DA:2,0
DA:3,0
DA:4,0
DA:5,0
DA:6,0
DA:7,0
DA:8,0
DA:9,0
DA:10,0
DA:11,0
DA:12,0
DA:13,0
DA:14,0
DA:15,0
DA:16,0
DA:17,0
DA:18,0
DA:19,0
DA:20,0
DA:39,0
LF:21
LH:0
BRF:0
BRH:0
end_of_record
TN:
SF:src\infrastructure\persistence\postgres\entities\customer.orm-entity.ts
FNF:0
FNH:0
DA:1,0
DA:4,0
DA:6,0
DA:9,0
DA:12,0
DA:15,0
DA:18,0
DA:27,0
DA:30,0
LF:9
LH:0
BRF:0
BRH:0
end_of_record
TN:
SF:src\infrastructure\persistence\postgres\entities\delivery.orm-entity.ts
FNF:0
FNH:0
DA:1,0
DA:4,0
DA:6,0
DA:9,0
DA:12,0
DA:15,0
DA:18,0
DA:21,0
DA:24,0
DA:27,0
DA:30,0
DA:33,0
DA:36,0
DA:39,0
DA:42,0
DA:45,0
DA:48,0
LF:17
LH:0
BRF:0
BRH:0
end_of_record
TN:
SF:src\infrastructure\persistence\postgres\entities\product.orm-entity.ts
FNF:0
FNH:0
DA:1,1
DA:4,1
DA:6,1
DA:9,1
DA:12,1
DA:15,1
DA:18,1
DA:21,1
DA:24,1
DA:27,1
LF:10
LH:10
BRF:0
BRH:0
end_of_record
TN:
SF:src\infrastructure\persistence\postgres\entities\transaction.orm-entity.ts
FNF:0
FNH:0
DA:1,1
DA:9,1
DA:11,1
DA:14,1
DA:17,1
DA:20,1
DA:23,1
DA:26,1
DA:29,1
DA:32,1
DA:35,1
LF:11
LH:11
BRF:0
BRH:0
end_of_record
TN:
SF:src\infrastructure\persistence\postgres\repositories\customer.repository.ts
FN:10,(anonymous_4)
FN:15,(anonymous_5)
FN:20,(anonymous_6)
FN:25,(anonymous_7)
FN:34,(anonymous_8)
FN:44,(anonymous_9)
FN:48,(anonymous_10)
FNF:7
FNH:0
FNDA:0,(anonymous_4)
FNDA:0,(anonymous_5)
FNDA:0,(anonymous_6)
FNDA:0,(anonymous_7)
FNDA:0,(anonymous_8)
FNDA:0,(anonymous_9)
FNDA:0,(anonymous_10)
DA:1,0
DA:2,0
DA:3,0
DA:6,0
DA:9,0
DA:12,0
DA:16,0
DA:17,0
DA:21,0
DA:22,0
DA:26,0
DA:30,0
DA:31,0
DA:35,0
DA:39,0
DA:40,0
DA:41,0
DA:45,0
DA:48,0
LF:19
LH:0
BRDA:17,0,0,0
BRDA:17,0,1,0
BRDA:40,1,0,0
BRF:3
BRH:0
end_of_record
TN:
SF:src\infrastructure\persistence\postgres\repositories\delivery.repository.ts
FN:10,(anonymous_4)
FN:15,(anonymous_5)
FN:20,(anonymous_6)
FN:25,(anonymous_7)
FN:34,(anonymous_8)
FN:44,(anonymous_9)
FN:48,(anonymous_10)
FNF:7
FNH:0
FNDA:0,(anonymous_4)
FNDA:0,(anonymous_5)
FNDA:0,(anonymous_6)
FNDA:0,(anonymous_7)
FNDA:0,(anonymous_8)
FNDA:0,(anonymous_9)
FNDA:0,(anonymous_10)
DA:1,0
DA:2,0
DA:3,0
DA:6,0
DA:9,0
DA:12,0
DA:16,0
DA:17,0
DA:21,0
DA:22,0
DA:26,0
DA:30,0
DA:31,0
DA:35,0
DA:39,0
DA:40,0
DA:41,0
DA:45,0
DA:48,0
LF:19
LH:0
BRDA:17,0,0,0
BRDA:17,0,1,0
BRDA:40,1,0,0
BRF:3
BRH:0
end_of_record
TN:
SF:src\infrastructure\persistence\postgres\repositories\product.repository.ts
FN:10,(anonymous_4)
FN:15,(anonymous_5)
FN:20,(anonymous_6)
FN:25,(anonymous_7)
FN:29,(anonymous_8)
FN:46,(anonymous_9)
FN:52,(anonymous_10)
FN:60,(anonymous_11)
FN:61,(anonymous_12)
FNF:9
FNH:8
FNDA:1,(anonymous_4)
FNDA:2,(anonymous_5)
FNDA:5,(anonymous_6)
FNDA:4,(anonymous_7)
FNDA:4,(anonymous_8)
FNDA:2,(anonymous_9)
FNDA:10,(anonymous_10)
FNDA:1,(anonymous_11)
FNDA:0,(anonymous_12)
DA:1,1
DA:2,1
DA:3,1
DA:6,1
DA:9,1
DA:12,1
DA:16,2
DA:17,2
DA:21,5
DA:22,5
DA:26,4
DA:29,4
DA:33,4
DA:36,4
DA:37,1
DA:39,3
DA:40,1
DA:43,2
DA:47,2
DA:48,2
DA:49,2
DA:52,1
DA:53,10
DA:60,1
DA:62,0
LF:25
LH:24
BRDA:22,0,0,4
BRDA:22,0,1,1
BRDA:36,1,0,1
BRDA:39,2,0,1
BRF:4
BRH:4
end_of_record
TN:
SF:src\infrastructure\persistence\postgres\repositories\transaction.repository.ts
FN:14,(anonymous_4)
FN:19,(anonymous_5)
FN:27,(anonymous_6)
FN:34,(anonymous_7)
FN:39,(anonymous_8)
FN:73,(anonymous_9)
FNF:6
FNH:6
FNDA:1,(anonymous_4)
FNDA:17,(anonymous_5)
FNDA:7,(anonymous_6)
FNDA:4,(anonymous_7)
FNDA:5,(anonymous_8)
FNDA:2,(anonymous_9)
DA:1,1
DA:2,1
DA:3,1
DA:5,1
DA:10,1
DA:13,1
DA:16,1
DA:20,17
DA:21,15
DA:22,15
DA:23,15
DA:24,15
DA:28,7
DA:29,7
DA:30,0
DA:31,7
DA:35,4
DA:36,4
DA:45,5
DA:46,5
DA:47,0
DA:49,5
DA:52,0
DA:55,5
DA:57,5
DA:58,1
DA:63,4
DA:64,4
DA:66,0
DA:70,4
DA:75,2
DA:76,2
LF:32
LH:28
BRDA:20,0,0,2
BRDA:29,1,0,0
BRDA:46,2,0,0
BRDA:49,3,0,0
BRDA:57,4,0,1
BRDA:64,5,0,0
BRF:6
BRH:2
end_of_record
TN:
SF:src\infrastructure\product\product.module.ts
FNF:0
FNH:0
DA:1,0
DA:2,0
DA:3,0
DA:4,0
DA:5,0
DA:6,0
DA:7,0
DA:21,0
LF:8
LH:0
BRF:0
BRH:0
end_of_record
